2019-08-30 14:11:12.916 [main] DEBUG com.oracle.o2o.ShopO2OApplication - Running with Spring Boot v2.1.7.RELEASE, Spring v5.1.9.RELEASE
2019-08-30 14:13:42.208 [main] DEBUG com.oracle.o2o.ShopO2OApplication - Running with Spring Boot v2.1.7.RELEASE, Spring v5.1.9.RELEASE
2019-08-30 14:14:01.757 [http-nio-8090-exec-2] DEBUG c.oracle.o2o.dao.ShopCategoryDao.queryShopCategory - ==>  Preparing: SELECT shop_category_id, shop_category_name, shop_category_desc, shop_category_img, priority, create_time, last_edit_time, parent_id FROM tb_shop_category WHERE parent_id is null ORDER BY priority DESC 
2019-08-30 14:14:01.799 [http-nio-8090-exec-2] DEBUG c.oracle.o2o.dao.ShopCategoryDao.queryShopCategory - ==> Parameters: 
2019-08-30 14:14:01.829 [http-nio-8090-exec-2] DEBUG c.oracle.o2o.dao.ShopCategoryDao.queryShopCategory - <==      Total: 6
2019-08-30 14:14:01.887 [http-nio-8090-exec-2] DEBUG com.oracle.o2o.dao.HeadLineDao.queryHeadLine - ==>  Preparing: SELECT line_id, line_name, line_link, line_img, priority, enable_status, create_time, last_edit_time FROM tb_head_line WHERE enable_status = ? ORDER BY priority DESC 
2019-08-30 14:14:01.888 [http-nio-8090-exec-2] DEBUG com.oracle.o2o.dao.HeadLineDao.queryHeadLine - ==> Parameters: 1(Integer)
2019-08-30 14:14:01.892 [http-nio-8090-exec-2] DEBUG com.oracle.o2o.dao.HeadLineDao.queryHeadLine - <==      Total: 4
2019-08-30 14:14:25.316 [http-nio-8090-exec-7] DEBUG c.oracle.o2o.dao.ShopCategoryDao.queryShopCategory - ==>  Preparing: SELECT shop_category_id, shop_category_name, shop_category_desc, shop_category_img, priority, create_time, last_edit_time, parent_id FROM tb_shop_category WHERE parent_id is not null and parent_id = ? ORDER BY priority DESC 
2019-08-30 14:14:25.317 [http-nio-8090-exec-7] DEBUG c.oracle.o2o.dao.ShopCategoryDao.queryShopCategory - ==> Parameters: 11(Long)
2019-08-30 14:14:25.321 [http-nio-8090-exec-7] DEBUG c.oracle.o2o.dao.ShopCategoryDao.queryShopCategory - <==      Total: 2
2019-08-30 14:14:25.323 [http-nio-8090-exec-7] DEBUG com.oracle.o2o.dao.AreaDao.queryArea - ==>  Preparing: SELECT area_id, area_name, priority, create_time, last_edit_time FROM tb_area ORDER BY priority DESC 
2019-08-30 14:14:25.324 [http-nio-8090-exec-7] DEBUG com.oracle.o2o.dao.AreaDao.queryArea - ==> Parameters: 
2019-08-30 14:14:25.326 [http-nio-8090-exec-8] DEBUG com.oracle.o2o.dao.ShopDao.queryShopList - ==>  Preparing: SELECT s.shop_id, s.shop_name, s.shop_desc, s.shop_addr, s.phone, s.shop_img, s.priority, s.create_time, s.last_edit_time, s.enable_status, s.advice, a.area_id, a.area_name, sc.shop_category_id, sc.shop_category_name FROM tb_shop s, tb_area a, tb_shop_category sc WHERE s.shop_category_id in (select shop_category_id from tb_shop_category WHERE parent_id = ?) and s.enable_status = ? AND s.area_id=a.area_id AND s.shop_category_id = sc.shop_category_id ORDER BY s.priority DESC LIMIT ?,?; 
2019-08-30 14:14:25.327 [http-nio-8090-exec-7] DEBUG com.oracle.o2o.dao.AreaDao.queryArea - <==      Total: 2
2019-08-30 14:14:25.328 [http-nio-8090-exec-8] DEBUG com.oracle.o2o.dao.ShopDao.queryShopList - ==> Parameters: 11(Long), 1(Integer), 0(Integer), 3(Integer)
2019-08-30 14:14:25.359 [http-nio-8090-exec-8] DEBUG com.oracle.o2o.dao.ShopDao.queryShopList - <==      Total: 0
2019-08-30 14:14:25.361 [http-nio-8090-exec-8] DEBUG com.oracle.o2o.dao.ShopDao.queryShopCount - ==>  Preparing: SELECT count(1) FROM tb_shop s, tb_area a, tb_shop_category sc WHERE s.shop_category_id in (select shop_category_id from tb_shop_category WHERE parent_id = ?) and s.enable_status = ? AND s.area_id=a.area_id AND s.shop_category_id = sc.shop_category_id 
2019-08-30 14:14:25.362 [http-nio-8090-exec-8] DEBUG com.oracle.o2o.dao.ShopDao.queryShopCount - ==> Parameters: 11(Long), 1(Integer)
2019-08-30 14:14:25.368 [http-nio-8090-exec-8] DEBUG com.oracle.o2o.dao.ShopDao.queryShopCount - <==      Total: 1
2019-08-30 14:14:27.816 [http-nio-8090-exec-1] DEBUG c.oracle.o2o.dao.ShopCategoryDao.queryShopCategory - ==>  Preparing: SELECT shop_category_id, shop_category_name, shop_category_desc, shop_category_img, priority, create_time, last_edit_time, parent_id FROM tb_shop_category WHERE parent_id is null ORDER BY priority DESC 
2019-08-30 14:14:27.817 [http-nio-8090-exec-1] DEBUG c.oracle.o2o.dao.ShopCategoryDao.queryShopCategory - ==> Parameters: 
2019-08-30 14:14:27.821 [http-nio-8090-exec-1] DEBUG c.oracle.o2o.dao.ShopCategoryDao.queryShopCategory - <==      Total: 6
2019-08-30 14:14:27.823 [http-nio-8090-exec-1] DEBUG com.oracle.o2o.dao.HeadLineDao.queryHeadLine - ==>  Preparing: SELECT line_id, line_name, line_link, line_img, priority, enable_status, create_time, last_edit_time FROM tb_head_line WHERE enable_status = ? ORDER BY priority DESC 
2019-08-30 14:14:27.824 [http-nio-8090-exec-1] DEBUG com.oracle.o2o.dao.HeadLineDao.queryHeadLine - ==> Parameters: 1(Integer)
2019-08-30 14:14:27.827 [http-nio-8090-exec-1] DEBUG com.oracle.o2o.dao.HeadLineDao.queryHeadLine - <==      Total: 4
2019-08-30 14:15:17.050 [http-nio-8090-exec-8] DEBUG com.oracle.o2o.dao.ShopDao.queryShopList - ==>  Preparing: SELECT s.shop_id, s.shop_name, s.shop_desc, s.shop_addr, s.phone, s.shop_img, s.priority, s.create_time, s.last_edit_time, s.enable_status, s.advice, a.area_id, a.area_name, sc.shop_category_id, sc.shop_category_name FROM tb_shop s, tb_area a, tb_shop_category sc WHERE s.owner_id = ? AND s.area_id=a.area_id AND s.shop_category_id = sc.shop_category_id ORDER BY s.priority DESC LIMIT ?,?; 
2019-08-30 14:15:17.051 [http-nio-8090-exec-8] DEBUG com.oracle.o2o.dao.ShopDao.queryShopList - ==> Parameters: 1(Long), 0(Integer), 100(Integer)
2019-08-30 14:15:17.057 [http-nio-8090-exec-8] DEBUG com.oracle.o2o.dao.ShopDao.queryShopList - <==      Total: 6
2019-08-30 14:15:17.058 [http-nio-8090-exec-8] DEBUG com.oracle.o2o.dao.ShopDao.queryShopCount - ==>  Preparing: SELECT count(1) FROM tb_shop s, tb_area a, tb_shop_category sc WHERE s.owner_id = ? AND s.area_id=a.area_id AND s.shop_category_id = sc.shop_category_id 
2019-08-30 14:15:17.059 [http-nio-8090-exec-8] DEBUG com.oracle.o2o.dao.ShopDao.queryShopCount - ==> Parameters: 1(Long)
2019-08-30 14:15:17.060 [http-nio-8090-exec-8] DEBUG com.oracle.o2o.dao.ShopDao.queryShopCount - <==      Total: 1
2019-08-30 14:15:29.766 [http-nio-8090-exec-10] DEBUG c.o.o.d.P.queryProductCategoryList - ==>  Preparing: SELECT product_category_id, product_category_name, priority, create_time, shop_id FROM tb_product_category WHERE shop_id = ? ORDER BY priority DESC 
2019-08-30 14:15:29.767 [http-nio-8090-exec-10] DEBUG c.o.o.d.P.queryProductCategoryList - ==> Parameters: 28(Long)
2019-08-30 14:15:29.770 [http-nio-8090-exec-10] DEBUG c.o.o.d.P.queryProductCategoryList - <==      Total: 6
2019-08-30 14:15:50.819 [http-nio-8090-exec-9] DEBUG c.o.o.d.P.batchInsertProductCategory - ==>  Preparing: INSERT INTO tb_product_category(product_category_name, priority, create_time, shop_id) VALUES (?, ?, ?, ?) 
2019-08-30 14:15:50.820 [http-nio-8090-exec-9] DEBUG c.o.o.d.P.batchInsertProductCategory - ==> Parameters: 1(String), 0(Integer), null, 28(Long)
2019-08-30 14:15:50.883 [http-nio-8090-exec-9] DEBUG c.o.o.d.P.batchInsertProductCategory - <==    Updates: 1
2019-08-30 14:15:50.897 [http-nio-8090-exec-1] DEBUG c.o.o.d.P.queryProductCategoryList - ==>  Preparing: SELECT product_category_id, product_category_name, priority, create_time, shop_id FROM tb_product_category WHERE shop_id = ? ORDER BY priority DESC 
2019-08-30 14:15:50.898 [http-nio-8090-exec-1] DEBUG c.o.o.d.P.queryProductCategoryList - ==> Parameters: 28(Long)
2019-08-30 14:15:50.900 [http-nio-8090-exec-1] DEBUG c.o.o.d.P.queryProductCategoryList - <==      Total: 7
2019-08-30 14:15:57.934 [http-nio-8090-exec-4] DEBUG c.o.o.d.P.queryProductCategoryList - ==>  Preparing: SELECT product_category_id, product_category_name, priority, create_time, shop_id FROM tb_product_category WHERE shop_id = ? ORDER BY priority DESC 
2019-08-30 14:15:57.935 [http-nio-8090-exec-4] DEBUG c.o.o.d.P.queryProductCategoryList - ==> Parameters: 28(Long)
2019-08-30 14:15:57.940 [http-nio-8090-exec-4] DEBUG c.o.o.d.P.queryProductCategoryList - <==      Total: 7
2019-08-30 14:16:00.985 [http-nio-8090-exec-7] DEBUG com.oracle.o2o.dao.ProductDao.queryProductList - ==>  Preparing: SELECT product_id, product_name, product_desc, img_addr, normal_price, promotion_price, priority, create_time, last_edit_time, enable_status, product_category_id, shop_id FROM tb_product WHERE shop_id = ? ORDER BY priority DESC LIMIT ?,?; 
2019-08-30 14:16:00.987 [http-nio-8090-exec-7] DEBUG com.oracle.o2o.dao.ProductDao.queryProductList - ==> Parameters: 28(Long), 0(Integer), 999(Integer)
2019-08-30 14:16:00.992 [http-nio-8090-exec-7] DEBUG com.oracle.o2o.dao.ProductDao.queryProductList - <==      Total: 6
2019-08-30 14:16:00.994 [http-nio-8090-exec-7] DEBUG com.oracle.o2o.dao.ProductDao.queryProductCount - ==>  Preparing: SELECT count(1) FROM tb_product WHERE shop_id = ? 
2019-08-30 14:16:00.995 [http-nio-8090-exec-7] DEBUG com.oracle.o2o.dao.ProductDao.queryProductCount - ==> Parameters: 28(Long)
2019-08-30 14:16:00.996 [http-nio-8090-exec-7] DEBUG com.oracle.o2o.dao.ProductDao.queryProductCount - <==      Total: 1
2019-08-30 14:16:05.012 [http-nio-8090-exec-9] DEBUG com.oracle.o2o.dao.ProductDao.queryProductById - ==>  Preparing: SELECT p.product_id, p.product_name, p.product_desc, p.img_addr, p.normal_price, p.promotion_price, p.priority, p.create_time, p.last_edit_time, p.enable_status, p.point, p.product_category_id, p.shop_id, pm.product_img_id, pm.img_addr AS detail_img, pm.img_desc, pm.priority, pm.create_time FROM tb_product p LEFT JOIN tb_product_img pm ON p.product_id = pm.product_id WHERE p.product_id = ? ORDER BY pm.priority DESC 
2019-08-30 14:16:05.014 [http-nio-8090-exec-9] DEBUG com.oracle.o2o.dao.ProductDao.queryProductById - ==> Parameters: 11(Long)
2019-08-30 14:16:05.026 [http-nio-8090-exec-9] DEBUG com.oracle.o2o.dao.ProductDao.queryProductById - <==      Total: 3
2019-08-30 14:18:25.484 [main] DEBUG com.oracle.o2o.ShopO2OApplication - Running with Spring Boot v2.1.7.RELEASE, Spring v5.1.9.RELEASE
2019-08-30 14:19:07.722 [http-nio-8090-exec-9] DEBUG com.oracle.o2o.dao.ShopDao.queryShopList - ==>  Preparing: SELECT s.shop_id, s.shop_name, s.shop_desc, s.shop_addr, s.phone, s.shop_img, s.priority, s.create_time, s.last_edit_time, s.enable_status, s.advice, a.area_id, a.area_name, sc.shop_category_id, sc.shop_category_name FROM tb_shop s, tb_area a, tb_shop_category sc WHERE s.owner_id = ? AND s.area_id=a.area_id AND s.shop_category_id = sc.shop_category_id ORDER BY s.priority DESC LIMIT ?,?; 
2019-08-30 14:19:07.762 [http-nio-8090-exec-9] DEBUG com.oracle.o2o.dao.ShopDao.queryShopList - ==> Parameters: 1(Long), 0(Integer), 100(Integer)
2019-08-30 14:19:07.789 [http-nio-8090-exec-9] DEBUG com.oracle.o2o.dao.ShopDao.queryShopList - <==      Total: 6
2019-08-30 14:19:07.795 [http-nio-8090-exec-9] DEBUG com.oracle.o2o.dao.ShopDao.queryShopCount - ==>  Preparing: SELECT count(1) FROM tb_shop s, tb_area a, tb_shop_category sc WHERE s.owner_id = ? AND s.area_id=a.area_id AND s.shop_category_id = sc.shop_category_id 
2019-08-30 14:19:07.796 [http-nio-8090-exec-9] DEBUG com.oracle.o2o.dao.ShopDao.queryShopCount - ==> Parameters: 1(Long)
2019-08-30 14:19:07.797 [http-nio-8090-exec-9] DEBUG com.oracle.o2o.dao.ShopDao.queryShopCount - <==      Total: 1
2019-08-30 14:19:14.678 [http-nio-8090-exec-3] DEBUG c.oracle.o2o.dao.ShopCategoryDao.queryShopCategory - ==>  Preparing: SELECT shop_category_id, shop_category_name, shop_category_desc, shop_category_img, priority, create_time, last_edit_time, parent_id FROM tb_shop_category WHERE parent_id is not null ORDER BY priority DESC 
2019-08-30 14:19:14.678 [http-nio-8090-exec-3] DEBUG c.oracle.o2o.dao.ShopCategoryDao.queryShopCategory - ==> Parameters: 
2019-08-30 14:19:14.693 [http-nio-8090-exec-3] DEBUG c.oracle.o2o.dao.ShopCategoryDao.queryShopCategory - <==      Total: 15
2019-08-30 14:19:14.697 [http-nio-8090-exec-3] DEBUG com.oracle.o2o.dao.AreaDao.queryArea - ==>  Preparing: SELECT area_id, area_name, priority, create_time, last_edit_time FROM tb_area ORDER BY priority DESC 
2019-08-30 14:19:14.698 [http-nio-8090-exec-3] DEBUG com.oracle.o2o.dao.AreaDao.queryArea - ==> Parameters: 
2019-08-30 14:19:14.703 [http-nio-8090-exec-3] DEBUG com.oracle.o2o.dao.AreaDao.queryArea - <==      Total: 2
2019-08-30 14:19:47.978 [http-nio-8090-exec-7] DEBUG com.oracle.o2o.dao.ShopDao.insertShop - ==>  Preparing: INSERT INTO tb_shop(owner_id,area_id,shop_category_id, shop_name,shop_desc,shop_addr, phone,shop_img,priority, create_time,last_edit_time,enable_status, advice) VALUES (?,?,?,?, ?,?,?,?,?, ?,?,?,?) 
2019-08-30 14:19:47.979 [http-nio-8090-exec-7] DEBUG com.oracle.o2o.dao.ShopDao.insertShop - ==> Parameters: 1(Long), 3(Integer), 14(Long), 1(String), 	1									(String), 1(String), 1(String), null, null, 2019-08-30 14:19:47.975(Timestamp), 2019-08-30 14:19:47.975(Timestamp), 0(Integer), null
2019-08-30 14:19:47.988 [http-nio-8090-exec-7] DEBUG com.oracle.o2o.dao.ShopDao.insertShop - <==    Updates: 1
2019-08-30 14:19:48.020 [http-nio-8090-exec-7] DEBUG com.oracle.o2o.util.ImageUtil - current relativeAddr is :upload\images\item\shop\49\2019083014194719300.PNG
2019-08-30 14:19:48.020 [http-nio-8090-exec-7] DEBUG com.oracle.o2o.util.ImageUtil - current complete addr is :F:\projectdev\image\upload\images\item\shop\49\2019083014194719300.PNG
2019-08-30 14:19:48.021 [http-nio-8090-exec-7] DEBUG com.oracle.o2o.util.ImageUtil - basePath is :/E:/begin%20at%203-25%201/java%e6%9c%8d%e5%8a%a1%e5%99%a8%e6%a1%86%e6%9e%b6/17.shop/08.29/ShopO2O/target/classes/
2019-08-30 14:20:33.340 [http-nio-8090-exec-1] DEBUG com.oracle.o2o.dao.ShopDao.queryShopList - ==>  Preparing: SELECT s.shop_id, s.shop_name, s.shop_desc, s.shop_addr, s.phone, s.shop_img, s.priority, s.create_time, s.last_edit_time, s.enable_status, s.advice, a.area_id, a.area_name, sc.shop_category_id, sc.shop_category_name FROM tb_shop s, tb_area a, tb_shop_category sc WHERE s.owner_id = ? AND s.area_id=a.area_id AND s.shop_category_id = sc.shop_category_id ORDER BY s.priority DESC LIMIT ?,?; 
2019-08-30 14:20:33.342 [http-nio-8090-exec-1] DEBUG com.oracle.o2o.dao.ShopDao.queryShopList - ==> Parameters: 1(Long), 0(Integer), 100(Integer)
2019-08-30 14:20:33.349 [http-nio-8090-exec-1] DEBUG com.oracle.o2o.dao.ShopDao.queryShopList - <==      Total: 6
2019-08-30 14:20:33.351 [http-nio-8090-exec-1] DEBUG com.oracle.o2o.dao.ShopDao.queryShopCount - ==>  Preparing: SELECT count(1) FROM tb_shop s, tb_area a, tb_shop_category sc WHERE s.owner_id = ? AND s.area_id=a.area_id AND s.shop_category_id = sc.shop_category_id 
2019-08-30 14:20:33.351 [http-nio-8090-exec-1] DEBUG com.oracle.o2o.dao.ShopDao.queryShopCount - ==> Parameters: 1(Long)
2019-08-30 14:20:33.353 [http-nio-8090-exec-1] DEBUG com.oracle.o2o.dao.ShopDao.queryShopCount - <==      Total: 1
2019-08-30 14:20:39.353 [http-nio-8090-exec-7] DEBUG com.oracle.o2o.dao.ProductDao.queryProductList - ==>  Preparing: SELECT product_id, product_name, product_desc, img_addr, normal_price, promotion_price, priority, create_time, last_edit_time, enable_status, product_category_id, shop_id FROM tb_product WHERE shop_id = ? ORDER BY priority DESC LIMIT ?,?; 
2019-08-30 14:20:39.353 [http-nio-8090-exec-7] DEBUG com.oracle.o2o.dao.ProductDao.queryProductList - ==> Parameters: 28(Long), 0(Integer), 999(Integer)
2019-08-30 14:20:39.356 [http-nio-8090-exec-7] DEBUG com.oracle.o2o.dao.ProductDao.queryProductList - <==      Total: 6
2019-08-30 14:20:39.358 [http-nio-8090-exec-7] DEBUG com.oracle.o2o.dao.ProductDao.queryProductCount - ==>  Preparing: SELECT count(1) FROM tb_product WHERE shop_id = ? 
2019-08-30 14:20:39.358 [http-nio-8090-exec-7] DEBUG com.oracle.o2o.dao.ProductDao.queryProductCount - ==> Parameters: 28(Long)
2019-08-30 14:20:39.359 [http-nio-8090-exec-7] DEBUG com.oracle.o2o.dao.ProductDao.queryProductCount - <==      Total: 1
2019-08-30 14:20:42.303 [http-nio-8090-exec-2] DEBUG c.o.o.d.P.queryProductCategoryList - ==>  Preparing: SELECT product_category_id, product_category_name, priority, create_time, shop_id FROM tb_product_category WHERE shop_id = ? ORDER BY priority DESC 
2019-08-30 14:20:42.304 [http-nio-8090-exec-2] DEBUG c.o.o.d.P.queryProductCategoryList - ==> Parameters: 28(Long)
2019-08-30 14:20:42.307 [http-nio-8090-exec-2] DEBUG c.o.o.d.P.queryProductCategoryList - <==      Total: 7
2019-08-30 14:21:16.725 [http-nio-8090-exec-3] DEBUG com.oracle.o2o.util.ImageUtil - current relativeAddr is :upload\images\item\shop\28\2019083014211687991.PNG
2019-08-30 14:21:16.725 [http-nio-8090-exec-3] DEBUG com.oracle.o2o.util.ImageUtil - current complete addr is :F:\projectdev\image\upload\images\item\shop\28\2019083014211687991.PNG
2019-08-30 14:21:16.725 [http-nio-8090-exec-3] DEBUG com.oracle.o2o.util.ImageUtil - basePath is :/E:/begin%20at%203-25%201/java%e6%9c%8d%e5%8a%a1%e5%99%a8%e6%a1%86%e6%9e%b6/17.shop/08.29/ShopO2O/target/classes/
2019-08-30 14:24:17.409 [http-nio-8090-exec-5] DEBUG c.oracle.o2o.dao.ShopCategoryDao.queryShopCategory - ==>  Preparing: SELECT shop_category_id, shop_category_name, shop_category_desc, shop_category_img, priority, create_time, last_edit_time, parent_id FROM tb_shop_category WHERE parent_id is null ORDER BY priority DESC 
2019-08-30 14:24:17.413 [http-nio-8090-exec-5] DEBUG c.oracle.o2o.dao.ShopCategoryDao.queryShopCategory - ==> Parameters: 
2019-08-30 14:24:17.421 [http-nio-8090-exec-5] DEBUG c.oracle.o2o.dao.ShopCategoryDao.queryShopCategory - <==      Total: 6
2019-08-30 14:24:17.427 [http-nio-8090-exec-5] DEBUG com.oracle.o2o.dao.HeadLineDao.queryHeadLine - ==>  Preparing: SELECT line_id, line_name, line_link, line_img, priority, enable_status, create_time, last_edit_time FROM tb_head_line WHERE enable_status = ? ORDER BY priority DESC 
2019-08-30 14:24:17.427 [http-nio-8090-exec-5] DEBUG com.oracle.o2o.dao.HeadLineDao.queryHeadLine - ==> Parameters: 1(Integer)
2019-08-30 14:24:17.431 [http-nio-8090-exec-5] DEBUG com.oracle.o2o.dao.HeadLineDao.queryHeadLine - <==      Total: 4
2019-08-30 14:24:22.011 [http-nio-8090-exec-6] DEBUG c.oracle.o2o.dao.ShopCategoryDao.queryShopCategory - ==>  Preparing: SELECT shop_category_id, shop_category_name, shop_category_desc, shop_category_img, priority, create_time, last_edit_time, parent_id FROM tb_shop_category WHERE parent_id is null ORDER BY priority DESC 
2019-08-30 14:24:22.012 [http-nio-8090-exec-6] DEBUG c.oracle.o2o.dao.ShopCategoryDao.queryShopCategory - ==> Parameters: 
2019-08-30 14:24:22.014 [http-nio-8090-exec-6] DEBUG c.oracle.o2o.dao.ShopCategoryDao.queryShopCategory - <==      Total: 6
2019-08-30 14:24:22.016 [http-nio-8090-exec-6] DEBUG com.oracle.o2o.dao.HeadLineDao.queryHeadLine - ==>  Preparing: SELECT line_id, line_name, line_link, line_img, priority, enable_status, create_time, last_edit_time FROM tb_head_line WHERE enable_status = ? ORDER BY priority DESC 
2019-08-30 14:24:22.018 [http-nio-8090-exec-6] DEBUG com.oracle.o2o.dao.HeadLineDao.queryHeadLine - ==> Parameters: 1(Integer)
2019-08-30 14:24:22.021 [http-nio-8090-exec-6] DEBUG com.oracle.o2o.dao.HeadLineDao.queryHeadLine - <==      Total: 4
2019-08-30 14:30:44.117 [http-nio-8090-exec-8] DEBUG c.oracle.o2o.dao.ShopCategoryDao.queryShopCategory - ==>  Preparing: SELECT shop_category_id, shop_category_name, shop_category_desc, shop_category_img, priority, create_time, last_edit_time, parent_id FROM tb_shop_category WHERE parent_id is null ORDER BY priority DESC 
2019-08-30 14:30:44.118 [http-nio-8090-exec-8] DEBUG c.oracle.o2o.dao.ShopCategoryDao.queryShopCategory - ==> Parameters: 
2019-08-30 14:30:44.120 [http-nio-8090-exec-8] DEBUG c.oracle.o2o.dao.ShopCategoryDao.queryShopCategory - <==      Total: 6
2019-08-30 14:30:44.123 [http-nio-8090-exec-8] DEBUG com.oracle.o2o.dao.HeadLineDao.queryHeadLine - ==>  Preparing: SELECT line_id, line_name, line_link, line_img, priority, enable_status, create_time, last_edit_time FROM tb_head_line WHERE enable_status = ? ORDER BY priority DESC 
2019-08-30 14:30:44.125 [http-nio-8090-exec-8] DEBUG com.oracle.o2o.dao.HeadLineDao.queryHeadLine - ==> Parameters: 1(Integer)
2019-08-30 14:30:44.128 [http-nio-8090-exec-8] DEBUG com.oracle.o2o.dao.HeadLineDao.queryHeadLine - <==      Total: 4
2019-08-30 14:30:45.257 [http-nio-8090-exec-6] DEBUG c.oracle.o2o.dao.ShopCategoryDao.queryShopCategory - ==>  Preparing: SELECT shop_category_id, shop_category_name, shop_category_desc, shop_category_img, priority, create_time, last_edit_time, parent_id FROM tb_shop_category WHERE parent_id is null ORDER BY priority DESC 
2019-08-30 14:30:45.258 [http-nio-8090-exec-6] DEBUG c.oracle.o2o.dao.ShopCategoryDao.queryShopCategory - ==> Parameters: 
2019-08-30 14:30:45.262 [http-nio-8090-exec-6] DEBUG c.oracle.o2o.dao.ShopCategoryDao.queryShopCategory - <==      Total: 6
2019-08-30 14:30:45.263 [http-nio-8090-exec-6] DEBUG com.oracle.o2o.dao.HeadLineDao.queryHeadLine - ==>  Preparing: SELECT line_id, line_name, line_link, line_img, priority, enable_status, create_time, last_edit_time FROM tb_head_line WHERE enable_status = ? ORDER BY priority DESC 
2019-08-30 14:30:45.264 [http-nio-8090-exec-6] DEBUG com.oracle.o2o.dao.HeadLineDao.queryHeadLine - ==> Parameters: 1(Integer)
2019-08-30 14:30:45.337 [http-nio-8090-exec-6] DEBUG com.oracle.o2o.dao.HeadLineDao.queryHeadLine - <==      Total: 4
2019-08-30 14:30:46.589 [http-nio-8090-exec-1] DEBUG c.oracle.o2o.dao.ShopCategoryDao.queryShopCategory - ==>  Preparing: SELECT shop_category_id, shop_category_name, shop_category_desc, shop_category_img, priority, create_time, last_edit_time, parent_id FROM tb_shop_category WHERE parent_id is null ORDER BY priority DESC 
2019-08-30 14:30:46.589 [http-nio-8090-exec-1] DEBUG c.oracle.o2o.dao.ShopCategoryDao.queryShopCategory - ==> Parameters: 
2019-08-30 14:30:46.594 [http-nio-8090-exec-1] DEBUG c.oracle.o2o.dao.ShopCategoryDao.queryShopCategory - <==      Total: 6
2019-08-30 14:30:46.596 [http-nio-8090-exec-1] DEBUG com.oracle.o2o.dao.HeadLineDao.queryHeadLine - ==>  Preparing: SELECT line_id, line_name, line_link, line_img, priority, enable_status, create_time, last_edit_time FROM tb_head_line WHERE enable_status = ? ORDER BY priority DESC 
2019-08-30 14:30:46.597 [http-nio-8090-exec-1] DEBUG com.oracle.o2o.dao.HeadLineDao.queryHeadLine - ==> Parameters: 1(Integer)
2019-08-30 14:30:46.605 [http-nio-8090-exec-1] DEBUG com.oracle.o2o.dao.HeadLineDao.queryHeadLine - <==      Total: 4
2019-08-30 14:30:51.307 [http-nio-8090-exec-9] DEBUG c.oracle.o2o.dao.ShopCategoryDao.queryShopCategory - ==>  Preparing: SELECT shop_category_id, shop_category_name, shop_category_desc, shop_category_img, priority, create_time, last_edit_time, parent_id FROM tb_shop_category WHERE parent_id is null ORDER BY priority DESC 
2019-08-30 14:30:51.307 [http-nio-8090-exec-9] DEBUG c.oracle.o2o.dao.ShopCategoryDao.queryShopCategory - ==> Parameters: 
2019-08-30 14:30:51.310 [http-nio-8090-exec-9] DEBUG c.oracle.o2o.dao.ShopCategoryDao.queryShopCategory - <==      Total: 6
2019-08-30 14:30:51.312 [http-nio-8090-exec-9] DEBUG com.oracle.o2o.dao.HeadLineDao.queryHeadLine - ==>  Preparing: SELECT line_id, line_name, line_link, line_img, priority, enable_status, create_time, last_edit_time FROM tb_head_line WHERE enable_status = ? ORDER BY priority DESC 
2019-08-30 14:30:51.313 [http-nio-8090-exec-9] DEBUG com.oracle.o2o.dao.HeadLineDao.queryHeadLine - ==> Parameters: 1(Integer)
2019-08-30 14:30:51.314 [http-nio-8090-exec-9] DEBUG com.oracle.o2o.dao.HeadLineDao.queryHeadLine - <==      Total: 4
2019-08-30 14:31:45.789 [http-nio-8090-exec-4] DEBUG c.oracle.o2o.dao.ShopCategoryDao.queryShopCategory - ==>  Preparing: SELECT shop_category_id, shop_category_name, shop_category_desc, shop_category_img, priority, create_time, last_edit_time, parent_id FROM tb_shop_category WHERE parent_id is null ORDER BY priority DESC 
2019-08-30 14:31:45.790 [http-nio-8090-exec-4] DEBUG c.oracle.o2o.dao.ShopCategoryDao.queryShopCategory - ==> Parameters: 
2019-08-30 14:31:45.792 [http-nio-8090-exec-4] DEBUG c.oracle.o2o.dao.ShopCategoryDao.queryShopCategory - <==      Total: 6
2019-08-30 14:31:45.794 [http-nio-8090-exec-4] DEBUG com.oracle.o2o.dao.HeadLineDao.queryHeadLine - ==>  Preparing: SELECT line_id, line_name, line_link, line_img, priority, enable_status, create_time, last_edit_time FROM tb_head_line WHERE enable_status = ? ORDER BY priority DESC 
2019-08-30 14:31:45.795 [http-nio-8090-exec-4] DEBUG com.oracle.o2o.dao.HeadLineDao.queryHeadLine - ==> Parameters: 1(Integer)
2019-08-30 14:31:45.798 [http-nio-8090-exec-4] DEBUG com.oracle.o2o.dao.HeadLineDao.queryHeadLine - <==      Total: 4
2019-08-30 14:31:46.227 [http-nio-8090-exec-3] DEBUG c.oracle.o2o.dao.ShopCategoryDao.queryShopCategory - ==>  Preparing: SELECT shop_category_id, shop_category_name, shop_category_desc, shop_category_img, priority, create_time, last_edit_time, parent_id FROM tb_shop_category WHERE parent_id is null ORDER BY priority DESC 
2019-08-30 14:31:46.228 [http-nio-8090-exec-3] DEBUG c.oracle.o2o.dao.ShopCategoryDao.queryShopCategory - ==> Parameters: 
2019-08-30 14:31:46.232 [http-nio-8090-exec-3] DEBUG c.oracle.o2o.dao.ShopCategoryDao.queryShopCategory - <==      Total: 6
2019-08-30 14:31:46.233 [http-nio-8090-exec-3] DEBUG com.oracle.o2o.dao.HeadLineDao.queryHeadLine - ==>  Preparing: SELECT line_id, line_name, line_link, line_img, priority, enable_status, create_time, last_edit_time FROM tb_head_line WHERE enable_status = ? ORDER BY priority DESC 
2019-08-30 14:31:46.234 [http-nio-8090-exec-3] DEBUG com.oracle.o2o.dao.HeadLineDao.queryHeadLine - ==> Parameters: 1(Integer)
2019-08-30 14:31:46.237 [http-nio-8090-exec-3] DEBUG com.oracle.o2o.dao.HeadLineDao.queryHeadLine - <==      Total: 4
2019-08-30 14:31:46.741 [http-nio-8090-exec-1] DEBUG c.oracle.o2o.dao.ShopCategoryDao.queryShopCategory - ==>  Preparing: SELECT shop_category_id, shop_category_name, shop_category_desc, shop_category_img, priority, create_time, last_edit_time, parent_id FROM tb_shop_category WHERE parent_id is null ORDER BY priority DESC 
2019-08-30 14:31:46.742 [http-nio-8090-exec-1] DEBUG c.oracle.o2o.dao.ShopCategoryDao.queryShopCategory - ==> Parameters: 
2019-08-30 14:31:46.744 [http-nio-8090-exec-1] DEBUG c.oracle.o2o.dao.ShopCategoryDao.queryShopCategory - <==      Total: 6
2019-08-30 14:31:46.746 [http-nio-8090-exec-1] DEBUG com.oracle.o2o.dao.HeadLineDao.queryHeadLine - ==>  Preparing: SELECT line_id, line_name, line_link, line_img, priority, enable_status, create_time, last_edit_time FROM tb_head_line WHERE enable_status = ? ORDER BY priority DESC 
2019-08-30 14:31:46.747 [http-nio-8090-exec-1] DEBUG com.oracle.o2o.dao.HeadLineDao.queryHeadLine - ==> Parameters: 1(Integer)
2019-08-30 14:31:46.749 [http-nio-8090-exec-1] DEBUG com.oracle.o2o.dao.HeadLineDao.queryHeadLine - <==      Total: 4
2019-08-30 14:31:46.995 [http-nio-8090-exec-9] DEBUG c.oracle.o2o.dao.ShopCategoryDao.queryShopCategory - ==>  Preparing: SELECT shop_category_id, shop_category_name, shop_category_desc, shop_category_img, priority, create_time, last_edit_time, parent_id FROM tb_shop_category WHERE parent_id is null ORDER BY priority DESC 
2019-08-30 14:31:46.996 [http-nio-8090-exec-9] DEBUG c.oracle.o2o.dao.ShopCategoryDao.queryShopCategory - ==> Parameters: 
2019-08-30 14:31:46.997 [http-nio-8090-exec-9] DEBUG c.oracle.o2o.dao.ShopCategoryDao.queryShopCategory - <==      Total: 6
2019-08-30 14:31:46.999 [http-nio-8090-exec-9] DEBUG com.oracle.o2o.dao.HeadLineDao.queryHeadLine - ==>  Preparing: SELECT line_id, line_name, line_link, line_img, priority, enable_status, create_time, last_edit_time FROM tb_head_line WHERE enable_status = ? ORDER BY priority DESC 
2019-08-30 14:31:46.999 [http-nio-8090-exec-9] DEBUG com.oracle.o2o.dao.HeadLineDao.queryHeadLine - ==> Parameters: 1(Integer)
2019-08-30 14:31:47.001 [http-nio-8090-exec-9] DEBUG com.oracle.o2o.dao.HeadLineDao.queryHeadLine - <==      Total: 4
2019-08-30 14:31:47.181 [http-nio-8090-exec-2] DEBUG c.oracle.o2o.dao.ShopCategoryDao.queryShopCategory - ==>  Preparing: SELECT shop_category_id, shop_category_name, shop_category_desc, shop_category_img, priority, create_time, last_edit_time, parent_id FROM tb_shop_category WHERE parent_id is null ORDER BY priority DESC 
2019-08-30 14:31:47.182 [http-nio-8090-exec-2] DEBUG c.oracle.o2o.dao.ShopCategoryDao.queryShopCategory - ==> Parameters: 
2019-08-30 14:31:47.184 [http-nio-8090-exec-2] DEBUG c.oracle.o2o.dao.ShopCategoryDao.queryShopCategory - <==      Total: 6
2019-08-30 14:31:47.186 [http-nio-8090-exec-2] DEBUG com.oracle.o2o.dao.HeadLineDao.queryHeadLine - ==>  Preparing: SELECT line_id, line_name, line_link, line_img, priority, enable_status, create_time, last_edit_time FROM tb_head_line WHERE enable_status = ? ORDER BY priority DESC 
2019-08-30 14:31:47.187 [http-nio-8090-exec-2] DEBUG com.oracle.o2o.dao.HeadLineDao.queryHeadLine - ==> Parameters: 1(Integer)
2019-08-30 14:31:47.191 [http-nio-8090-exec-2] DEBUG com.oracle.o2o.dao.HeadLineDao.queryHeadLine - <==      Total: 4
2019-08-30 14:31:47.395 [http-nio-8090-exec-3] DEBUG c.oracle.o2o.dao.ShopCategoryDao.queryShopCategory - ==>  Preparing: SELECT shop_category_id, shop_category_name, shop_category_desc, shop_category_img, priority, create_time, last_edit_time, parent_id FROM tb_shop_category WHERE parent_id is null ORDER BY priority DESC 
2019-08-30 14:31:47.395 [http-nio-8090-exec-3] DEBUG c.oracle.o2o.dao.ShopCategoryDao.queryShopCategory - ==> Parameters: 
2019-08-30 14:31:47.398 [http-nio-8090-exec-3] DEBUG c.oracle.o2o.dao.ShopCategoryDao.queryShopCategory - <==      Total: 6
2019-08-30 14:31:47.399 [http-nio-8090-exec-3] DEBUG com.oracle.o2o.dao.HeadLineDao.queryHeadLine - ==>  Preparing: SELECT line_id, line_name, line_link, line_img, priority, enable_status, create_time, last_edit_time FROM tb_head_line WHERE enable_status = ? ORDER BY priority DESC 
2019-08-30 14:31:47.400 [http-nio-8090-exec-3] DEBUG com.oracle.o2o.dao.HeadLineDao.queryHeadLine - ==> Parameters: 1(Integer)
2019-08-30 14:31:47.402 [http-nio-8090-exec-3] DEBUG com.oracle.o2o.dao.HeadLineDao.queryHeadLine - <==      Total: 4
2019-08-30 14:31:47.575 [http-nio-8090-exec-10] DEBUG c.oracle.o2o.dao.ShopCategoryDao.queryShopCategory - ==>  Preparing: SELECT shop_category_id, shop_category_name, shop_category_desc, shop_category_img, priority, create_time, last_edit_time, parent_id FROM tb_shop_category WHERE parent_id is null ORDER BY priority DESC 
2019-08-30 14:31:47.576 [http-nio-8090-exec-10] DEBUG c.oracle.o2o.dao.ShopCategoryDao.queryShopCategory - ==> Parameters: 
2019-08-30 14:31:47.577 [http-nio-8090-exec-10] DEBUG c.oracle.o2o.dao.ShopCategoryDao.queryShopCategory - <==      Total: 6
2019-08-30 14:31:47.580 [http-nio-8090-exec-10] DEBUG com.oracle.o2o.dao.HeadLineDao.queryHeadLine - ==>  Preparing: SELECT line_id, line_name, line_link, line_img, priority, enable_status, create_time, last_edit_time FROM tb_head_line WHERE enable_status = ? ORDER BY priority DESC 
2019-08-30 14:31:47.580 [http-nio-8090-exec-10] DEBUG com.oracle.o2o.dao.HeadLineDao.queryHeadLine - ==> Parameters: 1(Integer)
2019-08-30 14:31:47.583 [http-nio-8090-exec-10] DEBUG com.oracle.o2o.dao.HeadLineDao.queryHeadLine - <==      Total: 4
2019-08-30 14:31:47.802 [http-nio-8090-exec-5] DEBUG c.oracle.o2o.dao.ShopCategoryDao.queryShopCategory - ==>  Preparing: SELECT shop_category_id, shop_category_name, shop_category_desc, shop_category_img, priority, create_time, last_edit_time, parent_id FROM tb_shop_category WHERE parent_id is null ORDER BY priority DESC 
2019-08-30 14:31:47.802 [http-nio-8090-exec-5] DEBUG c.oracle.o2o.dao.ShopCategoryDao.queryShopCategory - ==> Parameters: 
2019-08-30 14:31:47.804 [http-nio-8090-exec-5] DEBUG c.oracle.o2o.dao.ShopCategoryDao.queryShopCategory - <==      Total: 6
2019-08-30 14:31:47.807 [http-nio-8090-exec-5] DEBUG com.oracle.o2o.dao.HeadLineDao.queryHeadLine - ==>  Preparing: SELECT line_id, line_name, line_link, line_img, priority, enable_status, create_time, last_edit_time FROM tb_head_line WHERE enable_status = ? ORDER BY priority DESC 
2019-08-30 14:31:47.808 [http-nio-8090-exec-5] DEBUG com.oracle.o2o.dao.HeadLineDao.queryHeadLine - ==> Parameters: 1(Integer)
2019-08-30 14:31:47.811 [http-nio-8090-exec-5] DEBUG com.oracle.o2o.dao.HeadLineDao.queryHeadLine - <==      Total: 4
2019-08-30 14:32:52.783 [http-nio-8090-exec-1] DEBUG c.oracle.o2o.dao.ShopCategoryDao.queryShopCategory - ==>  Preparing: SELECT shop_category_id, shop_category_name, shop_category_desc, shop_category_img, priority, create_time, last_edit_time, parent_id FROM tb_shop_category WHERE parent_id is null ORDER BY priority DESC 
2019-08-30 14:32:52.784 [http-nio-8090-exec-1] DEBUG c.oracle.o2o.dao.ShopCategoryDao.queryShopCategory - ==> Parameters: 
2019-08-30 14:32:52.787 [http-nio-8090-exec-1] DEBUG c.oracle.o2o.dao.ShopCategoryDao.queryShopCategory - <==      Total: 6
2019-08-30 14:32:52.790 [http-nio-8090-exec-1] DEBUG com.oracle.o2o.dao.HeadLineDao.queryHeadLine - ==>  Preparing: SELECT line_id, line_name, line_link, line_img, priority, enable_status, create_time, last_edit_time FROM tb_head_line WHERE enable_status = ? ORDER BY priority DESC 
2019-08-30 14:32:52.790 [http-nio-8090-exec-1] DEBUG com.oracle.o2o.dao.HeadLineDao.queryHeadLine - ==> Parameters: 1(Integer)
2019-08-30 14:32:52.792 [http-nio-8090-exec-1] DEBUG com.oracle.o2o.dao.HeadLineDao.queryHeadLine - <==      Total: 4
2019-08-30 14:32:53.703 [http-nio-8090-exec-10] DEBUG c.oracle.o2o.dao.ShopCategoryDao.queryShopCategory - ==>  Preparing: SELECT shop_category_id, shop_category_name, shop_category_desc, shop_category_img, priority, create_time, last_edit_time, parent_id FROM tb_shop_category WHERE parent_id is null ORDER BY priority DESC 
2019-08-30 14:32:53.704 [http-nio-8090-exec-10] DEBUG c.oracle.o2o.dao.ShopCategoryDao.queryShopCategory - ==> Parameters: 
2019-08-30 14:32:53.712 [http-nio-8090-exec-10] DEBUG c.oracle.o2o.dao.ShopCategoryDao.queryShopCategory - <==      Total: 6
2019-08-30 14:32:53.717 [http-nio-8090-exec-10] DEBUG com.oracle.o2o.dao.HeadLineDao.queryHeadLine - ==>  Preparing: SELECT line_id, line_name, line_link, line_img, priority, enable_status, create_time, last_edit_time FROM tb_head_line WHERE enable_status = ? ORDER BY priority DESC 
2019-08-30 14:32:53.718 [http-nio-8090-exec-10] DEBUG com.oracle.o2o.dao.HeadLineDao.queryHeadLine - ==> Parameters: 1(Integer)
2019-08-30 14:32:53.720 [http-nio-8090-exec-10] DEBUG com.oracle.o2o.dao.HeadLineDao.queryHeadLine - <==      Total: 4
2019-08-30 14:32:54.365 [http-nio-8090-exec-7] DEBUG c.oracle.o2o.dao.ShopCategoryDao.queryShopCategory - ==>  Preparing: SELECT shop_category_id, shop_category_name, shop_category_desc, shop_category_img, priority, create_time, last_edit_time, parent_id FROM tb_shop_category WHERE parent_id is null ORDER BY priority DESC 
2019-08-30 14:32:54.366 [http-nio-8090-exec-7] DEBUG c.oracle.o2o.dao.ShopCategoryDao.queryShopCategory - ==> Parameters: 
2019-08-30 14:32:54.368 [http-nio-8090-exec-7] DEBUG c.oracle.o2o.dao.ShopCategoryDao.queryShopCategory - <==      Total: 6
2019-08-30 14:32:54.370 [http-nio-8090-exec-7] DEBUG com.oracle.o2o.dao.HeadLineDao.queryHeadLine - ==>  Preparing: SELECT line_id, line_name, line_link, line_img, priority, enable_status, create_time, last_edit_time FROM tb_head_line WHERE enable_status = ? ORDER BY priority DESC 
2019-08-30 14:32:54.370 [http-nio-8090-exec-7] DEBUG com.oracle.o2o.dao.HeadLineDao.queryHeadLine - ==> Parameters: 1(Integer)
2019-08-30 14:32:54.372 [http-nio-8090-exec-7] DEBUG com.oracle.o2o.dao.HeadLineDao.queryHeadLine - <==      Total: 4
2019-08-30 14:32:54.597 [http-nio-8090-exec-1] DEBUG c.oracle.o2o.dao.ShopCategoryDao.queryShopCategory - ==>  Preparing: SELECT shop_category_id, shop_category_name, shop_category_desc, shop_category_img, priority, create_time, last_edit_time, parent_id FROM tb_shop_category WHERE parent_id is null ORDER BY priority DESC 
2019-08-30 14:32:54.598 [http-nio-8090-exec-1] DEBUG c.oracle.o2o.dao.ShopCategoryDao.queryShopCategory - ==> Parameters: 
2019-08-30 14:32:54.600 [http-nio-8090-exec-1] DEBUG c.oracle.o2o.dao.ShopCategoryDao.queryShopCategory - <==      Total: 6
2019-08-30 14:32:54.602 [http-nio-8090-exec-1] DEBUG com.oracle.o2o.dao.HeadLineDao.queryHeadLine - ==>  Preparing: SELECT line_id, line_name, line_link, line_img, priority, enable_status, create_time, last_edit_time FROM tb_head_line WHERE enable_status = ? ORDER BY priority DESC 
2019-08-30 14:32:54.603 [http-nio-8090-exec-1] DEBUG com.oracle.o2o.dao.HeadLineDao.queryHeadLine - ==> Parameters: 1(Integer)
2019-08-30 14:32:54.605 [http-nio-8090-exec-1] DEBUG com.oracle.o2o.dao.HeadLineDao.queryHeadLine - <==      Total: 4
2019-08-30 14:32:54.792 [http-nio-8090-exec-8] DEBUG c.oracle.o2o.dao.ShopCategoryDao.queryShopCategory - ==>  Preparing: SELECT shop_category_id, shop_category_name, shop_category_desc, shop_category_img, priority, create_time, last_edit_time, parent_id FROM tb_shop_category WHERE parent_id is null ORDER BY priority DESC 
2019-08-30 14:32:54.792 [http-nio-8090-exec-8] DEBUG c.oracle.o2o.dao.ShopCategoryDao.queryShopCategory - ==> Parameters: 
2019-08-30 14:32:54.794 [http-nio-8090-exec-8] DEBUG c.oracle.o2o.dao.ShopCategoryDao.queryShopCategory - <==      Total: 6
2019-08-30 14:32:54.795 [http-nio-8090-exec-8] DEBUG com.oracle.o2o.dao.HeadLineDao.queryHeadLine - ==>  Preparing: SELECT line_id, line_name, line_link, line_img, priority, enable_status, create_time, last_edit_time FROM tb_head_line WHERE enable_status = ? ORDER BY priority DESC 
2019-08-30 14:32:54.796 [http-nio-8090-exec-8] DEBUG com.oracle.o2o.dao.HeadLineDao.queryHeadLine - ==> Parameters: 1(Integer)
2019-08-30 14:32:54.797 [http-nio-8090-exec-8] DEBUG com.oracle.o2o.dao.HeadLineDao.queryHeadLine - <==      Total: 4
2019-08-30 14:32:54.993 [http-nio-8090-exec-6] DEBUG c.oracle.o2o.dao.ShopCategoryDao.queryShopCategory - ==>  Preparing: SELECT shop_category_id, shop_category_name, shop_category_desc, shop_category_img, priority, create_time, last_edit_time, parent_id FROM tb_shop_category WHERE parent_id is null ORDER BY priority DESC 
2019-08-30 14:32:54.993 [http-nio-8090-exec-6] DEBUG c.oracle.o2o.dao.ShopCategoryDao.queryShopCategory - ==> Parameters: 
2019-08-30 14:32:54.994 [http-nio-8090-exec-6] DEBUG c.oracle.o2o.dao.ShopCategoryDao.queryShopCategory - <==      Total: 6
2019-08-30 14:32:54.996 [http-nio-8090-exec-6] DEBUG com.oracle.o2o.dao.HeadLineDao.queryHeadLine - ==>  Preparing: SELECT line_id, line_name, line_link, line_img, priority, enable_status, create_time, last_edit_time FROM tb_head_line WHERE enable_status = ? ORDER BY priority DESC 
2019-08-30 14:32:54.997 [http-nio-8090-exec-6] DEBUG com.oracle.o2o.dao.HeadLineDao.queryHeadLine - ==> Parameters: 1(Integer)
2019-08-30 14:32:54.998 [http-nio-8090-exec-6] DEBUG com.oracle.o2o.dao.HeadLineDao.queryHeadLine - <==      Total: 4
2019-08-30 14:32:55.257 [http-nio-8090-exec-4] DEBUG c.oracle.o2o.dao.ShopCategoryDao.queryShopCategory - ==>  Preparing: SELECT shop_category_id, shop_category_name, shop_category_desc, shop_category_img, priority, create_time, last_edit_time, parent_id FROM tb_shop_category WHERE parent_id is null ORDER BY priority DESC 
2019-08-30 14:32:55.257 [http-nio-8090-exec-4] DEBUG c.oracle.o2o.dao.ShopCategoryDao.queryShopCategory - ==> Parameters: 
2019-08-30 14:32:55.259 [http-nio-8090-exec-4] DEBUG c.oracle.o2o.dao.ShopCategoryDao.queryShopCategory - <==      Total: 6
2019-08-30 14:32:55.263 [http-nio-8090-exec-4] DEBUG com.oracle.o2o.dao.HeadLineDao.queryHeadLine - ==>  Preparing: SELECT line_id, line_name, line_link, line_img, priority, enable_status, create_time, last_edit_time FROM tb_head_line WHERE enable_status = ? ORDER BY priority DESC 
2019-08-30 14:32:55.263 [http-nio-8090-exec-4] DEBUG com.oracle.o2o.dao.HeadLineDao.queryHeadLine - ==> Parameters: 1(Integer)
2019-08-30 14:32:55.267 [http-nio-8090-exec-4] DEBUG com.oracle.o2o.dao.HeadLineDao.queryHeadLine - <==      Total: 4
2019-08-30 14:32:55.527 [http-nio-8090-exec-9] DEBUG c.oracle.o2o.dao.ShopCategoryDao.queryShopCategory - ==>  Preparing: SELECT shop_category_id, shop_category_name, shop_category_desc, shop_category_img, priority, create_time, last_edit_time, parent_id FROM tb_shop_category WHERE parent_id is null ORDER BY priority DESC 
2019-08-30 14:32:55.528 [http-nio-8090-exec-9] DEBUG c.oracle.o2o.dao.ShopCategoryDao.queryShopCategory - ==> Parameters: 
2019-08-30 14:32:55.529 [http-nio-8090-exec-9] DEBUG c.oracle.o2o.dao.ShopCategoryDao.queryShopCategory - <==      Total: 6
2019-08-30 14:32:55.531 [http-nio-8090-exec-9] DEBUG com.oracle.o2o.dao.HeadLineDao.queryHeadLine - ==>  Preparing: SELECT line_id, line_name, line_link, line_img, priority, enable_status, create_time, last_edit_time FROM tb_head_line WHERE enable_status = ? ORDER BY priority DESC 
2019-08-30 14:32:55.531 [http-nio-8090-exec-9] DEBUG com.oracle.o2o.dao.HeadLineDao.queryHeadLine - ==> Parameters: 1(Integer)
2019-08-30 14:32:55.533 [http-nio-8090-exec-9] DEBUG com.oracle.o2o.dao.HeadLineDao.queryHeadLine - <==      Total: 4
2019-08-30 14:32:55.730 [http-nio-8090-exec-5] DEBUG c.oracle.o2o.dao.ShopCategoryDao.queryShopCategory - ==>  Preparing: SELECT shop_category_id, shop_category_name, shop_category_desc, shop_category_img, priority, create_time, last_edit_time, parent_id FROM tb_shop_category WHERE parent_id is null ORDER BY priority DESC 
2019-08-30 14:32:55.731 [http-nio-8090-exec-5] DEBUG c.oracle.o2o.dao.ShopCategoryDao.queryShopCategory - ==> Parameters: 
2019-08-30 14:32:55.732 [http-nio-8090-exec-5] DEBUG c.oracle.o2o.dao.ShopCategoryDao.queryShopCategory - <==      Total: 6
2019-08-30 14:32:55.735 [http-nio-8090-exec-5] DEBUG com.oracle.o2o.dao.HeadLineDao.queryHeadLine - ==>  Preparing: SELECT line_id, line_name, line_link, line_img, priority, enable_status, create_time, last_edit_time FROM tb_head_line WHERE enable_status = ? ORDER BY priority DESC 
2019-08-30 14:32:55.736 [http-nio-8090-exec-5] DEBUG com.oracle.o2o.dao.HeadLineDao.queryHeadLine - ==> Parameters: 1(Integer)
2019-08-30 14:32:55.739 [http-nio-8090-exec-5] DEBUG com.oracle.o2o.dao.HeadLineDao.queryHeadLine - <==      Total: 4
2019-08-30 14:33:48.292 [main] DEBUG com.oracle.o2o.ShopO2OApplication - Running with Spring Boot v2.1.7.RELEASE, Spring v5.1.9.RELEASE
2019-08-30 14:34:02.156 [http-nio-8090-exec-2] DEBUG c.oracle.o2o.dao.ShopCategoryDao.queryShopCategory - ==>  Preparing: SELECT shop_category_id, shop_category_name, shop_category_desc, shop_category_img, priority, create_time, last_edit_time, parent_id FROM tb_shop_category WHERE parent_id is null ORDER BY priority DESC 
2019-08-30 14:34:02.192 [http-nio-8090-exec-2] DEBUG c.oracle.o2o.dao.ShopCategoryDao.queryShopCategory - ==> Parameters: 
2019-08-30 14:34:02.213 [http-nio-8090-exec-2] DEBUG c.oracle.o2o.dao.ShopCategoryDao.queryShopCategory - <==      Total: 6
2019-08-30 14:34:02.236 [http-nio-8090-exec-2] DEBUG com.oracle.o2o.dao.HeadLineDao.queryHeadLine - ==>  Preparing: SELECT line_id, line_name, line_link, line_img, priority, enable_status, create_time, last_edit_time FROM tb_head_line WHERE enable_status = ? ORDER BY priority DESC 
2019-08-30 14:34:02.236 [http-nio-8090-exec-2] DEBUG com.oracle.o2o.dao.HeadLineDao.queryHeadLine - ==> Parameters: 1(Integer)
2019-08-30 14:34:02.239 [http-nio-8090-exec-2] DEBUG com.oracle.o2o.dao.HeadLineDao.queryHeadLine - <==      Total: 4
2019-08-30 14:34:07.137 [http-nio-8090-exec-4] DEBUG c.oracle.o2o.dao.ShopCategoryDao.queryShopCategory - ==>  Preparing: SELECT shop_category_id, shop_category_name, shop_category_desc, shop_category_img, priority, create_time, last_edit_time, parent_id FROM tb_shop_category WHERE parent_id is null ORDER BY priority DESC 
2019-08-30 14:34:07.137 [http-nio-8090-exec-4] DEBUG c.oracle.o2o.dao.ShopCategoryDao.queryShopCategory - ==> Parameters: 
2019-08-30 14:34:07.141 [http-nio-8090-exec-4] DEBUG c.oracle.o2o.dao.ShopCategoryDao.queryShopCategory - <==      Total: 6
2019-08-30 14:34:07.145 [http-nio-8090-exec-4] DEBUG com.oracle.o2o.dao.HeadLineDao.queryHeadLine - ==>  Preparing: SELECT line_id, line_name, line_link, line_img, priority, enable_status, create_time, last_edit_time FROM tb_head_line WHERE enable_status = ? ORDER BY priority DESC 
2019-08-30 14:34:07.146 [http-nio-8090-exec-4] DEBUG com.oracle.o2o.dao.HeadLineDao.queryHeadLine - ==> Parameters: 1(Integer)
2019-08-30 14:34:07.148 [http-nio-8090-exec-4] DEBUG com.oracle.o2o.dao.HeadLineDao.queryHeadLine - <==      Total: 4
2019-08-30 14:34:13.177 [http-nio-8090-exec-9] DEBUG c.oracle.o2o.dao.ShopCategoryDao.queryShopCategory - ==>  Preparing: SELECT shop_category_id, shop_category_name, shop_category_desc, shop_category_img, priority, create_time, last_edit_time, parent_id FROM tb_shop_category WHERE parent_id is null ORDER BY priority DESC 
2019-08-30 14:34:13.178 [http-nio-8090-exec-9] DEBUG c.oracle.o2o.dao.ShopCategoryDao.queryShopCategory - ==> Parameters: 
2019-08-30 14:34:13.189 [http-nio-8090-exec-9] DEBUG c.oracle.o2o.dao.ShopCategoryDao.queryShopCategory - <==      Total: 6
2019-08-30 14:34:13.193 [http-nio-8090-exec-9] DEBUG com.oracle.o2o.dao.HeadLineDao.queryHeadLine - ==>  Preparing: SELECT line_id, line_name, line_link, line_img, priority, enable_status, create_time, last_edit_time FROM tb_head_line WHERE enable_status = ? ORDER BY priority DESC 
2019-08-30 14:34:13.194 [http-nio-8090-exec-9] DEBUG com.oracle.o2o.dao.HeadLineDao.queryHeadLine - ==> Parameters: 1(Integer)
2019-08-30 14:34:13.197 [http-nio-8090-exec-9] DEBUG com.oracle.o2o.dao.HeadLineDao.queryHeadLine - <==      Total: 4
2019-08-30 14:37:19.289 [http-nio-8090-exec-3] DEBUG c.oracle.o2o.dao.ShopCategoryDao.queryShopCategory - ==>  Preparing: SELECT shop_category_id, shop_category_name, shop_category_desc, shop_category_img, priority, create_time, last_edit_time, parent_id FROM tb_shop_category WHERE parent_id is null ORDER BY priority DESC 
2019-08-30 14:37:19.290 [http-nio-8090-exec-3] DEBUG c.oracle.o2o.dao.ShopCategoryDao.queryShopCategory - ==> Parameters: 
2019-08-30 14:37:19.295 [http-nio-8090-exec-3] DEBUG c.oracle.o2o.dao.ShopCategoryDao.queryShopCategory - <==      Total: 6
2019-08-30 14:37:19.298 [http-nio-8090-exec-3] DEBUG com.oracle.o2o.dao.HeadLineDao.queryHeadLine - ==>  Preparing: SELECT line_id, line_name, line_link, line_img, priority, enable_status, create_time, last_edit_time FROM tb_head_line WHERE enable_status = ? ORDER BY priority DESC 
2019-08-30 14:37:19.299 [http-nio-8090-exec-3] DEBUG com.oracle.o2o.dao.HeadLineDao.queryHeadLine - ==> Parameters: 1(Integer)
2019-08-30 14:37:19.306 [http-nio-8090-exec-3] DEBUG com.oracle.o2o.dao.HeadLineDao.queryHeadLine - <==      Total: 4
2019-08-30 14:41:25.298 [main] DEBUG com.oracle.o2o.ShopO2OApplication - Running with Spring Boot v2.1.7.RELEASE, Spring v5.1.9.RELEASE
2019-08-30 14:42:19.976 [http-nio-8090-exec-4] DEBUG c.oracle.o2o.dao.ShopCategoryDao.queryShopCategory - ==>  Preparing: SELECT shop_category_id, shop_category_name, shop_category_desc, shop_category_img, priority, create_time, last_edit_time, parent_id FROM tb_shop_category WHERE parent_id is null ORDER BY priority DESC 
2019-08-30 14:42:20.010 [http-nio-8090-exec-4] DEBUG c.oracle.o2o.dao.ShopCategoryDao.queryShopCategory - ==> Parameters: 
2019-08-30 14:42:20.032 [http-nio-8090-exec-4] DEBUG c.oracle.o2o.dao.ShopCategoryDao.queryShopCategory - <==      Total: 6
2019-08-30 14:42:20.055 [http-nio-8090-exec-4] DEBUG com.oracle.o2o.dao.HeadLineDao.queryHeadLine - ==>  Preparing: SELECT line_id, line_name, line_link, line_img, priority, enable_status, create_time, last_edit_time FROM tb_head_line WHERE enable_status = ? ORDER BY priority DESC 
2019-08-30 14:42:20.056 [http-nio-8090-exec-4] DEBUG com.oracle.o2o.dao.HeadLineDao.queryHeadLine - ==> Parameters: 1(Integer)
2019-08-30 14:42:20.059 [http-nio-8090-exec-4] DEBUG com.oracle.o2o.dao.HeadLineDao.queryHeadLine - <==      Total: 4
2019-08-30 14:43:26.259 [http-nio-8090-exec-1] DEBUG c.oracle.o2o.dao.ShopCategoryDao.queryShopCategory - ==>  Preparing: SELECT shop_category_id, shop_category_name, shop_category_desc, shop_category_img, priority, create_time, last_edit_time, parent_id FROM tb_shop_category WHERE parent_id is null ORDER BY priority DESC 
2019-08-30 14:43:26.259 [http-nio-8090-exec-1] DEBUG c.oracle.o2o.dao.ShopCategoryDao.queryShopCategory - ==> Parameters: 
2019-08-30 14:43:26.269 [http-nio-8090-exec-1] DEBUG c.oracle.o2o.dao.ShopCategoryDao.queryShopCategory - <==      Total: 6
2019-08-30 14:43:26.273 [http-nio-8090-exec-1] DEBUG com.oracle.o2o.dao.HeadLineDao.queryHeadLine - ==>  Preparing: SELECT line_id, line_name, line_link, line_img, priority, enable_status, create_time, last_edit_time FROM tb_head_line WHERE enable_status = ? ORDER BY priority DESC 
2019-08-30 14:43:26.274 [http-nio-8090-exec-1] DEBUG com.oracle.o2o.dao.HeadLineDao.queryHeadLine - ==> Parameters: 1(Integer)
2019-08-30 14:43:26.277 [http-nio-8090-exec-1] DEBUG com.oracle.o2o.dao.HeadLineDao.queryHeadLine - <==      Total: 4
2019-08-30 14:43:27.100 [http-nio-8090-exec-6] DEBUG c.oracle.o2o.dao.ShopCategoryDao.queryShopCategory - ==>  Preparing: SELECT shop_category_id, shop_category_name, shop_category_desc, shop_category_img, priority, create_time, last_edit_time, parent_id FROM tb_shop_category WHERE parent_id is null ORDER BY priority DESC 
2019-08-30 14:43:27.101 [http-nio-8090-exec-6] DEBUG c.oracle.o2o.dao.ShopCategoryDao.queryShopCategory - ==> Parameters: 
2019-08-30 14:43:27.107 [http-nio-8090-exec-6] DEBUG c.oracle.o2o.dao.ShopCategoryDao.queryShopCategory - <==      Total: 6
2019-08-30 14:43:27.109 [http-nio-8090-exec-6] DEBUG com.oracle.o2o.dao.HeadLineDao.queryHeadLine - ==>  Preparing: SELECT line_id, line_name, line_link, line_img, priority, enable_status, create_time, last_edit_time FROM tb_head_line WHERE enable_status = ? ORDER BY priority DESC 
2019-08-30 14:43:27.109 [http-nio-8090-exec-6] DEBUG com.oracle.o2o.dao.HeadLineDao.queryHeadLine - ==> Parameters: 1(Integer)
2019-08-30 14:43:27.112 [http-nio-8090-exec-6] DEBUG com.oracle.o2o.dao.HeadLineDao.queryHeadLine - <==      Total: 4
2019-08-30 14:43:27.902 [http-nio-8090-exec-5] DEBUG c.oracle.o2o.dao.ShopCategoryDao.queryShopCategory - ==>  Preparing: SELECT shop_category_id, shop_category_name, shop_category_desc, shop_category_img, priority, create_time, last_edit_time, parent_id FROM tb_shop_category WHERE parent_id is null ORDER BY priority DESC 
2019-08-30 14:43:27.903 [http-nio-8090-exec-5] DEBUG c.oracle.o2o.dao.ShopCategoryDao.queryShopCategory - ==> Parameters: 
2019-08-30 14:43:27.906 [http-nio-8090-exec-5] DEBUG c.oracle.o2o.dao.ShopCategoryDao.queryShopCategory - <==      Total: 6
2019-08-30 14:43:27.908 [http-nio-8090-exec-5] DEBUG com.oracle.o2o.dao.HeadLineDao.queryHeadLine - ==>  Preparing: SELECT line_id, line_name, line_link, line_img, priority, enable_status, create_time, last_edit_time FROM tb_head_line WHERE enable_status = ? ORDER BY priority DESC 
2019-08-30 14:43:27.909 [http-nio-8090-exec-5] DEBUG com.oracle.o2o.dao.HeadLineDao.queryHeadLine - ==> Parameters: 1(Integer)
2019-08-30 14:43:27.942 [http-nio-8090-exec-5] DEBUG com.oracle.o2o.dao.HeadLineDao.queryHeadLine - <==      Total: 4
2019-08-30 14:43:29.080 [http-nio-8090-exec-8] DEBUG c.oracle.o2o.dao.ShopCategoryDao.queryShopCategory - ==>  Preparing: SELECT shop_category_id, shop_category_name, shop_category_desc, shop_category_img, priority, create_time, last_edit_time, parent_id FROM tb_shop_category WHERE parent_id is not null and parent_id = ? ORDER BY priority DESC 
2019-08-30 14:43:29.081 [http-nio-8090-exec-8] DEBUG c.oracle.o2o.dao.ShopCategoryDao.queryShopCategory - ==> Parameters: 11(Long)
2019-08-30 14:43:29.083 [http-nio-8090-exec-8] DEBUG c.oracle.o2o.dao.ShopCategoryDao.queryShopCategory - <==      Total: 2
2019-08-30 14:43:29.084 [http-nio-8090-exec-8] DEBUG com.oracle.o2o.dao.AreaDao.queryArea - ==>  Preparing: SELECT area_id, area_name, priority, create_time, last_edit_time FROM tb_area ORDER BY priority DESC 
2019-08-30 14:43:29.085 [http-nio-8090-exec-8] DEBUG com.oracle.o2o.dao.AreaDao.queryArea - ==> Parameters: 
2019-08-30 14:43:29.086 [http-nio-8090-exec-8] DEBUG com.oracle.o2o.dao.AreaDao.queryArea - <==      Total: 2
2019-08-30 14:43:29.094 [http-nio-8090-exec-9] DEBUG com.oracle.o2o.dao.ShopDao.queryShopList - ==>  Preparing: SELECT s.shop_id, s.shop_name, s.shop_desc, s.shop_addr, s.phone, s.shop_img, s.priority, s.create_time, s.last_edit_time, s.enable_status, s.advice, a.area_id, a.area_name, sc.shop_category_id, sc.shop_category_name FROM tb_shop s, tb_area a, tb_shop_category sc WHERE s.shop_category_id in (select shop_category_id from tb_shop_category WHERE parent_id = ?) and s.enable_status = ? AND s.area_id=a.area_id AND s.shop_category_id = sc.shop_category_id ORDER BY s.priority DESC LIMIT ?,?; 
2019-08-30 14:43:29.095 [http-nio-8090-exec-9] DEBUG com.oracle.o2o.dao.ShopDao.queryShopList - ==> Parameters: 11(Long), 1(Integer), 0(Integer), 3(Integer)
2019-08-30 14:43:29.100 [http-nio-8090-exec-9] DEBUG com.oracle.o2o.dao.ShopDao.queryShopList - <==      Total: 0
2019-08-30 14:43:29.101 [http-nio-8090-exec-9] DEBUG com.oracle.o2o.dao.ShopDao.queryShopCount - ==>  Preparing: SELECT count(1) FROM tb_shop s, tb_area a, tb_shop_category sc WHERE s.shop_category_id in (select shop_category_id from tb_shop_category WHERE parent_id = ?) and s.enable_status = ? AND s.area_id=a.area_id AND s.shop_category_id = sc.shop_category_id 
2019-08-30 14:43:29.103 [http-nio-8090-exec-9] DEBUG com.oracle.o2o.dao.ShopDao.queryShopCount - ==> Parameters: 11(Long), 1(Integer)
2019-08-30 14:43:29.107 [http-nio-8090-exec-9] DEBUG com.oracle.o2o.dao.ShopDao.queryShopCount - <==      Total: 1
2019-08-30 14:43:31.447 [http-nio-8090-exec-4] DEBUG c.oracle.o2o.dao.ShopCategoryDao.queryShopCategory - ==>  Preparing: SELECT shop_category_id, shop_category_name, shop_category_desc, shop_category_img, priority, create_time, last_edit_time, parent_id FROM tb_shop_category WHERE parent_id is null ORDER BY priority DESC 
2019-08-30 14:43:31.448 [http-nio-8090-exec-4] DEBUG c.oracle.o2o.dao.ShopCategoryDao.queryShopCategory - ==> Parameters: 
2019-08-30 14:43:31.451 [http-nio-8090-exec-4] DEBUG c.oracle.o2o.dao.ShopCategoryDao.queryShopCategory - <==      Total: 6
2019-08-30 14:43:31.453 [http-nio-8090-exec-4] DEBUG com.oracle.o2o.dao.HeadLineDao.queryHeadLine - ==>  Preparing: SELECT line_id, line_name, line_link, line_img, priority, enable_status, create_time, last_edit_time FROM tb_head_line WHERE enable_status = ? ORDER BY priority DESC 
2019-08-30 14:43:31.453 [http-nio-8090-exec-4] DEBUG com.oracle.o2o.dao.HeadLineDao.queryHeadLine - ==> Parameters: 1(Integer)
2019-08-30 14:43:31.455 [http-nio-8090-exec-4] DEBUG com.oracle.o2o.dao.HeadLineDao.queryHeadLine - <==      Total: 4
2019-08-30 14:43:32.801 [http-nio-8090-exec-2] DEBUG c.oracle.o2o.dao.ShopCategoryDao.queryShopCategory - ==>  Preparing: SELECT shop_category_id, shop_category_name, shop_category_desc, shop_category_img, priority, create_time, last_edit_time, parent_id FROM tb_shop_category WHERE parent_id is not null and parent_id = ? ORDER BY priority DESC 
2019-08-30 14:43:32.802 [http-nio-8090-exec-2] DEBUG c.oracle.o2o.dao.ShopCategoryDao.queryShopCategory - ==> Parameters: 13(Long)
2019-08-30 14:43:32.804 [http-nio-8090-exec-2] DEBUG c.oracle.o2o.dao.ShopCategoryDao.queryShopCategory - <==      Total: 2
2019-08-30 14:43:32.805 [http-nio-8090-exec-2] DEBUG com.oracle.o2o.dao.AreaDao.queryArea - ==>  Preparing: SELECT area_id, area_name, priority, create_time, last_edit_time FROM tb_area ORDER BY priority DESC 
2019-08-30 14:43:32.807 [http-nio-8090-exec-2] DEBUG com.oracle.o2o.dao.AreaDao.queryArea - ==> Parameters: 
2019-08-30 14:43:32.811 [http-nio-8090-exec-2] DEBUG com.oracle.o2o.dao.AreaDao.queryArea - <==      Total: 2
2019-08-30 14:43:32.816 [http-nio-8090-exec-3] DEBUG com.oracle.o2o.dao.ShopDao.queryShopList - ==>  Preparing: SELECT s.shop_id, s.shop_name, s.shop_desc, s.shop_addr, s.phone, s.shop_img, s.priority, s.create_time, s.last_edit_time, s.enable_status, s.advice, a.area_id, a.area_name, sc.shop_category_id, sc.shop_category_name FROM tb_shop s, tb_area a, tb_shop_category sc WHERE s.shop_category_id in (select shop_category_id from tb_shop_category WHERE parent_id = ?) and s.enable_status = ? AND s.area_id=a.area_id AND s.shop_category_id = sc.shop_category_id ORDER BY s.priority DESC LIMIT ?,?; 
2019-08-30 14:43:32.818 [http-nio-8090-exec-3] DEBUG com.oracle.o2o.dao.ShopDao.queryShopList - ==> Parameters: 13(Long), 1(Integer), 0(Integer), 3(Integer)
2019-08-30 14:43:32.826 [http-nio-8090-exec-3] DEBUG com.oracle.o2o.dao.ShopDao.queryShopList - <==      Total: 0
2019-08-30 14:43:32.828 [http-nio-8090-exec-3] DEBUG com.oracle.o2o.dao.ShopDao.queryShopCount - ==>  Preparing: SELECT count(1) FROM tb_shop s, tb_area a, tb_shop_category sc WHERE s.shop_category_id in (select shop_category_id from tb_shop_category WHERE parent_id = ?) and s.enable_status = ? AND s.area_id=a.area_id AND s.shop_category_id = sc.shop_category_id 
2019-08-30 14:43:32.829 [http-nio-8090-exec-3] DEBUG com.oracle.o2o.dao.ShopDao.queryShopCount - ==> Parameters: 13(Long), 1(Integer)
2019-08-30 14:43:32.836 [http-nio-8090-exec-3] DEBUG com.oracle.o2o.dao.ShopDao.queryShopCount - <==      Total: 1
2019-08-30 14:43:34.732 [http-nio-8090-exec-5] DEBUG c.oracle.o2o.dao.ShopCategoryDao.queryShopCategory - ==>  Preparing: SELECT shop_category_id, shop_category_name, shop_category_desc, shop_category_img, priority, create_time, last_edit_time, parent_id FROM tb_shop_category WHERE parent_id is null ORDER BY priority DESC 
2019-08-30 14:43:34.733 [http-nio-8090-exec-5] DEBUG c.oracle.o2o.dao.ShopCategoryDao.queryShopCategory - ==> Parameters: 
2019-08-30 14:43:34.735 [http-nio-8090-exec-5] DEBUG c.oracle.o2o.dao.ShopCategoryDao.queryShopCategory - <==      Total: 6
2019-08-30 14:43:34.737 [http-nio-8090-exec-5] DEBUG com.oracle.o2o.dao.HeadLineDao.queryHeadLine - ==>  Preparing: SELECT line_id, line_name, line_link, line_img, priority, enable_status, create_time, last_edit_time FROM tb_head_line WHERE enable_status = ? ORDER BY priority DESC 
2019-08-30 14:43:34.738 [http-nio-8090-exec-5] DEBUG com.oracle.o2o.dao.HeadLineDao.queryHeadLine - ==> Parameters: 1(Integer)
2019-08-30 14:43:34.740 [http-nio-8090-exec-5] DEBUG com.oracle.o2o.dao.HeadLineDao.queryHeadLine - <==      Total: 4
2019-08-30 14:44:16.297 [main] DEBUG com.oracle.o2o.ShopO2OApplication - Running with Spring Boot v2.1.7.RELEASE, Spring v5.1.9.RELEASE
2019-08-30 14:47:59.378 [http-nio-8090-exec-4] DEBUG com.oracle.o2o.dao.ShopDao.queryShopList - ==>  Preparing: SELECT s.shop_id, s.shop_name, s.shop_desc, s.shop_addr, s.phone, s.shop_img, s.priority, s.create_time, s.last_edit_time, s.enable_status, s.advice, a.area_id, a.area_name, sc.shop_category_id, sc.shop_category_name FROM tb_shop s, tb_area a, tb_shop_category sc WHERE s.owner_id = ? AND s.area_id=a.area_id AND s.shop_category_id = sc.shop_category_id ORDER BY s.priority DESC LIMIT ?,?; 
2019-08-30 14:47:59.412 [http-nio-8090-exec-4] DEBUG com.oracle.o2o.dao.ShopDao.queryShopList - ==> Parameters: 1(Long), 0(Integer), 100(Integer)
2019-08-30 14:47:59.435 [http-nio-8090-exec-4] DEBUG com.oracle.o2o.dao.ShopDao.queryShopList - <==      Total: 6
2019-08-30 14:47:59.441 [http-nio-8090-exec-4] DEBUG com.oracle.o2o.dao.ShopDao.queryShopCount - ==>  Preparing: SELECT count(1) FROM tb_shop s, tb_area a, tb_shop_category sc WHERE s.owner_id = ? AND s.area_id=a.area_id AND s.shop_category_id = sc.shop_category_id 
2019-08-30 14:47:59.442 [http-nio-8090-exec-4] DEBUG com.oracle.o2o.dao.ShopDao.queryShopCount - ==> Parameters: 1(Long)
2019-08-30 14:47:59.443 [http-nio-8090-exec-4] DEBUG com.oracle.o2o.dao.ShopDao.queryShopCount - <==      Total: 1
2019-08-30 14:48:13.509 [http-nio-8090-exec-8] DEBUG com.oracle.o2o.dao.ShopDao.queryByShopId - ==>  Preparing: SELECT s.shop_id, s.shop_name, s.shop_desc, s.shop_addr, s.phone, s.shop_img, s.priority, s.create_time, s.last_edit_time, s.enable_status, s.advice, a.area_id, a.area_name, sc.shop_category_id, sc.shop_category_name FROM tb_shop s, tb_area a, tb_shop_category sc WHERE s.area_id=a.area_id AND s.shop_category_id = sc.shop_category_id AND s.shop_id = ? 
2019-08-30 14:48:13.510 [http-nio-8090-exec-8] DEBUG com.oracle.o2o.dao.ShopDao.queryByShopId - ==> Parameters: 28(Long)
2019-08-30 14:48:13.513 [http-nio-8090-exec-8] DEBUG com.oracle.o2o.dao.ShopDao.queryByShopId - <==      Total: 1
2019-08-30 14:48:13.515 [http-nio-8090-exec-8] DEBUG com.oracle.o2o.dao.AreaDao.queryArea - ==>  Preparing: SELECT area_id, area_name, priority, create_time, last_edit_time FROM tb_area ORDER BY priority DESC 
2019-08-30 14:48:13.515 [http-nio-8090-exec-8] DEBUG com.oracle.o2o.dao.AreaDao.queryArea - ==> Parameters: 
2019-08-30 14:48:13.519 [http-nio-8090-exec-8] DEBUG com.oracle.o2o.dao.AreaDao.queryArea - <==      Total: 2
2019-08-30 14:48:29.353 [http-nio-8090-exec-9] DEBUG com.oracle.o2o.dao.ProductDao.queryProductList - ==>  Preparing: SELECT product_id, product_name, product_desc, img_addr, normal_price, promotion_price, priority, create_time, last_edit_time, enable_status, product_category_id, shop_id FROM tb_product WHERE shop_id = ? ORDER BY priority DESC LIMIT ?,?; 
2019-08-30 14:48:29.354 [http-nio-8090-exec-9] DEBUG com.oracle.o2o.dao.ProductDao.queryProductList - ==> Parameters: 28(Long), 0(Integer), 999(Integer)
2019-08-30 14:48:29.358 [http-nio-8090-exec-9] DEBUG com.oracle.o2o.dao.ProductDao.queryProductList - <==      Total: 6
2019-08-30 14:48:29.359 [http-nio-8090-exec-9] DEBUG com.oracle.o2o.dao.ProductDao.queryProductCount - ==>  Preparing: SELECT count(1) FROM tb_product WHERE shop_id = ? 
2019-08-30 14:48:29.359 [http-nio-8090-exec-9] DEBUG com.oracle.o2o.dao.ProductDao.queryProductCount - ==> Parameters: 28(Long)
2019-08-30 14:48:29.360 [http-nio-8090-exec-9] DEBUG com.oracle.o2o.dao.ProductDao.queryProductCount - <==      Total: 1
2019-08-30 14:48:31.500 [http-nio-8090-exec-1] DEBUG com.oracle.o2o.dao.ProductDao.queryProductById - ==>  Preparing: SELECT p.product_id, p.product_name, p.product_desc, p.img_addr, p.normal_price, p.promotion_price, p.priority, p.create_time, p.last_edit_time, p.enable_status, p.point, p.product_category_id, p.shop_id, pm.product_img_id, pm.img_addr AS detail_img, pm.img_desc, pm.priority, pm.create_time FROM tb_product p LEFT JOIN tb_product_img pm ON p.product_id = pm.product_id WHERE p.product_id = ? ORDER BY pm.priority DESC 
2019-08-30 14:48:31.501 [http-nio-8090-exec-1] DEBUG com.oracle.o2o.dao.ProductDao.queryProductById - ==> Parameters: 10(Long)
2019-08-30 14:48:31.506 [http-nio-8090-exec-1] DEBUG com.oracle.o2o.dao.ProductDao.queryProductById - <==      Total: 3
2019-08-30 14:51:01.445 [http-nio-8090-exec-1] DEBUG com.oracle.o2o.dao.ShopDao.queryShopList - ==>  Preparing: SELECT s.shop_id, s.shop_name, s.shop_desc, s.shop_addr, s.phone, s.shop_img, s.priority, s.create_time, s.last_edit_time, s.enable_status, s.advice, a.area_id, a.area_name, sc.shop_category_id, sc.shop_category_name FROM tb_shop s, tb_area a, tb_shop_category sc WHERE s.owner_id = ? AND s.area_id=a.area_id AND s.shop_category_id = sc.shop_category_id ORDER BY s.priority DESC LIMIT ?,?; 
2019-08-30 14:51:01.446 [http-nio-8090-exec-1] DEBUG com.oracle.o2o.dao.ShopDao.queryShopList - ==> Parameters: 1(Long), 0(Integer), 100(Integer)
2019-08-30 14:51:01.453 [http-nio-8090-exec-1] DEBUG com.oracle.o2o.dao.ShopDao.queryShopList - <==      Total: 6
2019-08-30 14:51:01.454 [http-nio-8090-exec-1] DEBUG com.oracle.o2o.dao.ShopDao.queryShopCount - ==>  Preparing: SELECT count(1) FROM tb_shop s, tb_area a, tb_shop_category sc WHERE s.owner_id = ? AND s.area_id=a.area_id AND s.shop_category_id = sc.shop_category_id 
2019-08-30 14:51:01.454 [http-nio-8090-exec-1] DEBUG com.oracle.o2o.dao.ShopDao.queryShopCount - ==> Parameters: 1(Long)
2019-08-30 14:51:01.455 [http-nio-8090-exec-1] DEBUG com.oracle.o2o.dao.ShopDao.queryShopCount - <==      Total: 1
2019-08-30 14:51:03.323 [http-nio-8090-exec-5] DEBUG c.oracle.o2o.dao.ShopCategoryDao.queryShopCategory - ==>  Preparing: SELECT shop_category_id, shop_category_name, shop_category_desc, shop_category_img, priority, create_time, last_edit_time, parent_id FROM tb_shop_category WHERE parent_id is not null ORDER BY priority DESC 
2019-08-30 14:51:03.324 [http-nio-8090-exec-5] DEBUG c.oracle.o2o.dao.ShopCategoryDao.queryShopCategory - ==> Parameters: 
2019-08-30 14:51:03.330 [http-nio-8090-exec-5] DEBUG c.oracle.o2o.dao.ShopCategoryDao.queryShopCategory - <==      Total: 15
2019-08-30 14:51:03.330 [http-nio-8090-exec-5] DEBUG com.oracle.o2o.dao.AreaDao.queryArea - ==>  Preparing: SELECT area_id, area_name, priority, create_time, last_edit_time FROM tb_area ORDER BY priority DESC 
2019-08-30 14:51:03.331 [http-nio-8090-exec-5] DEBUG com.oracle.o2o.dao.AreaDao.queryArea - ==> Parameters: 
2019-08-30 14:51:03.333 [http-nio-8090-exec-5] DEBUG com.oracle.o2o.dao.AreaDao.queryArea - <==      Total: 2
2019-08-30 14:51:42.847 [http-nio-8090-exec-2] DEBUG com.oracle.o2o.dao.ShopDao.insertShop - ==>  Preparing: INSERT INTO tb_shop(owner_id,area_id,shop_category_id, shop_name,shop_desc,shop_addr, phone,shop_img,priority, create_time,last_edit_time,enable_status, advice) VALUES (?,?,?,?, ?,?,?,?,?, ?,?,?,?) 
2019-08-30 14:51:42.849 [http-nio-8090-exec-2] DEBUG com.oracle.o2o.dao.ShopDao.insertShop - ==> Parameters: 1(Long), 3(Integer), 25(Long), 1(String), 	1									(String), 1(String), 1(String), null, null, 2019-08-30 14:51:42.845(Timestamp), 2019-08-30 14:51:42.845(Timestamp), 0(Integer), null
2019-08-30 14:51:42.867 [http-nio-8090-exec-2] DEBUG com.oracle.o2o.dao.ShopDao.insertShop - <==    Updates: 1
2019-08-30 14:51:42.871 [http-nio-8090-exec-2] DEBUG com.oracle.o2o.util.ImageUtil - current relativeAddr is :upload\images\item\shop\50\2019083014514217298.jpg
2019-08-30 14:51:42.871 [http-nio-8090-exec-2] DEBUG com.oracle.o2o.util.ImageUtil - current complete addr is :F:\projectdev\image\upload\images\item\shop\50\2019083014514217298.jpg
2019-08-30 14:51:42.871 [http-nio-8090-exec-2] DEBUG com.oracle.o2o.util.ImageUtil - basePath is :/E:/begin%20at%203-25%201/java%e6%9c%8d%e5%8a%a1%e5%99%a8%e6%a1%86%e6%9e%b6/17.shop/08.29/ShopO2O/target/classes/
2019-08-30 15:06:09.106 [main] DEBUG com.oracle.o2o.ShopO2OApplication - Running with Spring Boot v2.1.7.RELEASE, Spring v5.1.9.RELEASE
2019-08-30 15:06:38.150 [http-nio-8090-exec-2] DEBUG c.oracle.o2o.dao.ShopCategoryDao.queryShopCategory - ==>  Preparing: SELECT shop_category_id, shop_category_name, shop_category_desc, shop_category_img, priority, create_time, last_edit_time, parent_id FROM tb_shop_category WHERE parent_id is null ORDER BY priority DESC 
2019-08-30 15:06:38.193 [http-nio-8090-exec-2] DEBUG c.oracle.o2o.dao.ShopCategoryDao.queryShopCategory - ==> Parameters: 
2019-08-30 15:06:38.214 [http-nio-8090-exec-2] DEBUG c.oracle.o2o.dao.ShopCategoryDao.queryShopCategory - <==      Total: 6
2019-08-30 15:06:38.236 [http-nio-8090-exec-2] DEBUG com.oracle.o2o.dao.HeadLineDao.queryHeadLine - ==>  Preparing: SELECT line_id, line_name, line_link, line_img, priority, enable_status, create_time, last_edit_time FROM tb_head_line WHERE enable_status = ? ORDER BY priority DESC 
2019-08-30 15:06:38.237 [http-nio-8090-exec-2] DEBUG com.oracle.o2o.dao.HeadLineDao.queryHeadLine - ==> Parameters: 1(Integer)
2019-08-30 15:06:38.240 [http-nio-8090-exec-2] DEBUG com.oracle.o2o.dao.HeadLineDao.queryHeadLine - <==      Total: 4
2019-08-30 15:07:03.930 [http-nio-8090-exec-3] DEBUG com.oracle.o2o.dao.ShopDao.queryByShopId - ==>  Preparing: SELECT s.shop_id, s.shop_name, s.shop_desc, s.shop_addr, s.phone, s.shop_img, s.priority, s.create_time, s.last_edit_time, s.enable_status, s.advice, a.area_id, a.area_name, sc.shop_category_id, sc.shop_category_name FROM tb_shop s, tb_area a, tb_shop_category sc WHERE s.area_id=a.area_id AND s.shop_category_id = sc.shop_category_id AND s.shop_id = ? 
2019-08-30 15:07:03.931 [http-nio-8090-exec-3] DEBUG com.oracle.o2o.dao.ShopDao.queryByShopId - ==> Parameters: 28(Long)
2019-08-30 15:07:03.936 [http-nio-8090-exec-3] DEBUG com.oracle.o2o.dao.ShopDao.queryByShopId - <==      Total: 1
2019-08-30 15:07:03.938 [http-nio-8090-exec-3] DEBUG com.oracle.o2o.dao.AreaDao.queryArea - ==>  Preparing: SELECT area_id, area_name, priority, create_time, last_edit_time FROM tb_area ORDER BY priority DESC 
2019-08-30 15:07:03.944 [http-nio-8090-exec-3] DEBUG com.oracle.o2o.dao.AreaDao.queryArea - ==> Parameters: 
2019-08-30 15:07:03.947 [http-nio-8090-exec-3] DEBUG com.oracle.o2o.dao.AreaDao.queryArea - <==      Total: 2
2019-08-30 15:07:26.491 [http-nio-8090-exec-8] DEBUG com.oracle.o2o.dao.ShopDao.queryShopList - ==>  Preparing: SELECT s.shop_id, s.shop_name, s.shop_desc, s.shop_addr, s.phone, s.shop_img, s.priority, s.create_time, s.last_edit_time, s.enable_status, s.advice, a.area_id, a.area_name, sc.shop_category_id, sc.shop_category_name FROM tb_shop s, tb_area a, tb_shop_category sc WHERE s.owner_id = ? AND s.area_id=a.area_id AND s.shop_category_id = sc.shop_category_id ORDER BY s.priority DESC LIMIT ?,?; 
2019-08-30 15:07:26.493 [http-nio-8090-exec-8] DEBUG com.oracle.o2o.dao.ShopDao.queryShopList - ==> Parameters: 1(Long), 0(Integer), 100(Integer)
2019-08-30 15:07:26.508 [http-nio-8090-exec-8] DEBUG com.oracle.o2o.dao.ShopDao.queryShopList - <==      Total: 6
2019-08-30 15:07:26.510 [http-nio-8090-exec-8] DEBUG com.oracle.o2o.dao.ShopDao.queryShopCount - ==>  Preparing: SELECT count(1) FROM tb_shop s, tb_area a, tb_shop_category sc WHERE s.owner_id = ? AND s.area_id=a.area_id AND s.shop_category_id = sc.shop_category_id 
2019-08-30 15:07:26.513 [http-nio-8090-exec-8] DEBUG com.oracle.o2o.dao.ShopDao.queryShopCount - ==> Parameters: 1(Long)
2019-08-30 15:07:26.517 [http-nio-8090-exec-8] DEBUG com.oracle.o2o.dao.ShopDao.queryShopCount - <==      Total: 1
2019-08-30 15:07:33.523 [http-nio-8090-exec-10] DEBUG com.oracle.o2o.dao.ShopDao.queryByShopId - ==>  Preparing: SELECT s.shop_id, s.shop_name, s.shop_desc, s.shop_addr, s.phone, s.shop_img, s.priority, s.create_time, s.last_edit_time, s.enable_status, s.advice, a.area_id, a.area_name, sc.shop_category_id, sc.shop_category_name FROM tb_shop s, tb_area a, tb_shop_category sc WHERE s.area_id=a.area_id AND s.shop_category_id = sc.shop_category_id AND s.shop_id = ? 
2019-08-30 15:07:33.526 [http-nio-8090-exec-10] DEBUG com.oracle.o2o.dao.ShopDao.queryByShopId - ==> Parameters: 32(Long)
2019-08-30 15:07:33.533 [http-nio-8090-exec-10] DEBUG com.oracle.o2o.dao.ShopDao.queryByShopId - <==      Total: 1
2019-08-30 15:07:33.534 [http-nio-8090-exec-10] DEBUG com.oracle.o2o.dao.AreaDao.queryArea - ==>  Preparing: SELECT area_id, area_name, priority, create_time, last_edit_time FROM tb_area ORDER BY priority DESC 
2019-08-30 15:07:33.534 [http-nio-8090-exec-10] DEBUG com.oracle.o2o.dao.AreaDao.queryArea - ==> Parameters: 
2019-08-30 15:07:33.536 [http-nio-8090-exec-10] DEBUG com.oracle.o2o.dao.AreaDao.queryArea - <==      Total: 2
2019-08-30 15:07:41.062 [http-nio-8090-exec-8] DEBUG com.oracle.o2o.dao.ShopDao.queryShopList - ==>  Preparing: SELECT s.shop_id, s.shop_name, s.shop_desc, s.shop_addr, s.phone, s.shop_img, s.priority, s.create_time, s.last_edit_time, s.enable_status, s.advice, a.area_id, a.area_name, sc.shop_category_id, sc.shop_category_name FROM tb_shop s, tb_area a, tb_shop_category sc WHERE s.owner_id = ? AND s.area_id=a.area_id AND s.shop_category_id = sc.shop_category_id ORDER BY s.priority DESC LIMIT ?,?; 
2019-08-30 15:07:41.064 [http-nio-8090-exec-8] DEBUG com.oracle.o2o.dao.ShopDao.queryShopList - ==> Parameters: 1(Long), 0(Integer), 100(Integer)
2019-08-30 15:07:41.070 [http-nio-8090-exec-8] DEBUG com.oracle.o2o.dao.ShopDao.queryShopList - <==      Total: 6
2019-08-30 15:07:41.071 [http-nio-8090-exec-8] DEBUG com.oracle.o2o.dao.ShopDao.queryShopCount - ==>  Preparing: SELECT count(1) FROM tb_shop s, tb_area a, tb_shop_category sc WHERE s.owner_id = ? AND s.area_id=a.area_id AND s.shop_category_id = sc.shop_category_id 
2019-08-30 15:07:41.072 [http-nio-8090-exec-8] DEBUG com.oracle.o2o.dao.ShopDao.queryShopCount - ==> Parameters: 1(Long)
2019-08-30 15:07:41.073 [http-nio-8090-exec-8] DEBUG com.oracle.o2o.dao.ShopDao.queryShopCount - <==      Total: 1
2019-08-30 15:07:42.145 [http-nio-8090-exec-9] DEBUG c.oracle.o2o.dao.ShopCategoryDao.queryShopCategory - ==>  Preparing: SELECT shop_category_id, shop_category_name, shop_category_desc, shop_category_img, priority, create_time, last_edit_time, parent_id FROM tb_shop_category WHERE parent_id is not null ORDER BY priority DESC 
2019-08-30 15:07:42.146 [http-nio-8090-exec-9] DEBUG c.oracle.o2o.dao.ShopCategoryDao.queryShopCategory - ==> Parameters: 
2019-08-30 15:07:42.158 [http-nio-8090-exec-9] DEBUG c.oracle.o2o.dao.ShopCategoryDao.queryShopCategory - <==      Total: 15
2019-08-30 15:07:42.158 [http-nio-8090-exec-9] DEBUG com.oracle.o2o.dao.AreaDao.queryArea - ==>  Preparing: SELECT area_id, area_name, priority, create_time, last_edit_time FROM tb_area ORDER BY priority DESC 
2019-08-30 15:07:42.159 [http-nio-8090-exec-9] DEBUG com.oracle.o2o.dao.AreaDao.queryArea - ==> Parameters: 
2019-08-30 15:07:42.161 [http-nio-8090-exec-9] DEBUG com.oracle.o2o.dao.AreaDao.queryArea - <==      Total: 2
2019-08-30 15:08:03.256 [http-nio-8090-exec-1] DEBUG com.oracle.o2o.dao.ShopDao.insertShop - ==>  Preparing: INSERT INTO tb_shop(owner_id,area_id,shop_category_id, shop_name,shop_desc,shop_addr, phone,shop_img,priority, create_time,last_edit_time,enable_status, advice) VALUES (?,?,?,?, ?,?,?,?,?, ?,?,?,?) 
2019-08-30 15:08:03.258 [http-nio-8090-exec-1] DEBUG com.oracle.o2o.dao.ShopDao.insertShop - ==> Parameters: 1(Long), 3(Integer), 14(Long), 1(String), 	1									(String), 1(String), 1(String), null, null, 2019-08-30 15:08:03.256(Timestamp), 2019-08-30 15:08:03.256(Timestamp), 0(Integer), null
2019-08-30 15:08:03.260 [http-nio-8090-exec-1] DEBUG com.oracle.o2o.dao.ShopDao.insertShop - <==    Updates: 1
2019-08-30 15:08:03.263 [http-nio-8090-exec-1] DEBUG com.oracle.o2o.util.ImageUtil - current relativeAddr is :upload\images\item\shop\51\2019083015080316427.jpg
2019-08-30 15:08:03.264 [http-nio-8090-exec-1] DEBUG com.oracle.o2o.util.ImageUtil - current complete addr is :F:\projectdev\image\upload\images\item\shop\51\2019083015080316427.jpg
2019-08-30 15:08:03.264 [http-nio-8090-exec-1] DEBUG com.oracle.o2o.util.ImageUtil - basePath is :/E:/begin%20at%203-25%201/java%e6%9c%8d%e5%8a%a1%e5%99%a8%e6%a1%86%e6%9e%b6/17.shop/08.29/ShopO2O/target/classes/
2019-08-30 15:13:29.303 [main] DEBUG com.oracle.o2o.ShopO2OApplication - Running with Spring Boot v2.1.7.RELEASE, Spring v5.1.9.RELEASE
2019-08-30 15:14:28.036 [http-nio-8090-exec-2] DEBUG c.oracle.o2o.dao.ShopCategoryDao.queryShopCategory - ==>  Preparing: SELECT shop_category_id, shop_category_name, shop_category_desc, shop_category_img, priority, create_time, last_edit_time, parent_id FROM tb_shop_category WHERE parent_id is not null ORDER BY priority DESC 
2019-08-30 15:14:28.086 [http-nio-8090-exec-2] DEBUG c.oracle.o2o.dao.ShopCategoryDao.queryShopCategory - ==> Parameters: 
2019-08-30 15:14:28.120 [http-nio-8090-exec-2] DEBUG c.oracle.o2o.dao.ShopCategoryDao.queryShopCategory - <==      Total: 15
2019-08-30 15:14:28.127 [http-nio-8090-exec-2] DEBUG com.oracle.o2o.dao.AreaDao.queryArea - ==>  Preparing: SELECT area_id, area_name, priority, create_time, last_edit_time FROM tb_area ORDER BY priority DESC 
2019-08-30 15:14:28.128 [http-nio-8090-exec-2] DEBUG com.oracle.o2o.dao.AreaDao.queryArea - ==> Parameters: 
2019-08-30 15:14:28.131 [http-nio-8090-exec-2] DEBUG com.oracle.o2o.dao.AreaDao.queryArea - <==      Total: 2
2019-08-30 15:15:14.232 [http-nio-8090-exec-7] DEBUG com.oracle.o2o.dao.ShopDao.insertShop - ==>  Preparing: INSERT INTO tb_shop(owner_id,area_id,shop_category_id, shop_name,shop_desc,shop_addr, phone,shop_img,priority, create_time,last_edit_time,enable_status, advice) VALUES (?,?,?,?, ?,?,?,?,?, ?,?,?,?) 
2019-08-30 15:15:14.238 [http-nio-8090-exec-7] DEBUG com.oracle.o2o.dao.ShopDao.insertShop - ==> Parameters: null, 3(Integer), 14(Long), 1(String), 	1									(String), 1(String), 1(String), null, null, 2019-08-30 15:15:14.228(Timestamp), 2019-08-30 15:15:14.228(Timestamp), 0(Integer), null
2019-08-30 15:19:14.451 [main] DEBUG com.oracle.o2o.ShopO2OApplication - Running with Spring Boot v2.1.7.RELEASE, Spring v5.1.9.RELEASE
2019-08-30 15:19:31.388 [http-nio-8090-exec-3] DEBUG c.oracle.o2o.dao.ShopCategoryDao.queryShopCategory - ==>  Preparing: SELECT shop_category_id, shop_category_name, shop_category_desc, shop_category_img, priority, create_time, last_edit_time, parent_id FROM tb_shop_category WHERE parent_id is not null ORDER BY priority DESC 
2019-08-30 15:19:31.422 [http-nio-8090-exec-3] DEBUG c.oracle.o2o.dao.ShopCategoryDao.queryShopCategory - ==> Parameters: 
2019-08-30 15:19:31.454 [http-nio-8090-exec-3] DEBUG c.oracle.o2o.dao.ShopCategoryDao.queryShopCategory - <==      Total: 15
2019-08-30 15:19:31.460 [http-nio-8090-exec-3] DEBUG com.oracle.o2o.dao.AreaDao.queryArea - ==>  Preparing: SELECT area_id, area_name, priority, create_time, last_edit_time FROM tb_area ORDER BY priority DESC 
2019-08-30 15:19:31.460 [http-nio-8090-exec-3] DEBUG com.oracle.o2o.dao.AreaDao.queryArea - ==> Parameters: 
2019-08-30 15:19:31.462 [http-nio-8090-exec-3] DEBUG com.oracle.o2o.dao.AreaDao.queryArea - <==      Total: 2
2019-08-30 15:19:45.091 [http-nio-8090-exec-5] DEBUG com.oracle.o2o.dao.ShopDao.queryShopList - ==>  Preparing: SELECT s.shop_id, s.shop_name, s.shop_desc, s.shop_addr, s.phone, s.shop_img, s.priority, s.create_time, s.last_edit_time, s.enable_status, s.advice, a.area_id, a.area_name, sc.shop_category_id, sc.shop_category_name FROM tb_shop s, tb_area a, tb_shop_category sc WHERE s.owner_id = ? AND s.area_id=a.area_id AND s.shop_category_id = sc.shop_category_id ORDER BY s.priority DESC LIMIT ?,?; 
2019-08-30 15:19:45.094 [http-nio-8090-exec-5] DEBUG com.oracle.o2o.dao.ShopDao.queryShopList - ==> Parameters: 1(Long), 0(Integer), 100(Integer)
2019-08-30 15:19:45.108 [http-nio-8090-exec-5] DEBUG com.oracle.o2o.dao.ShopDao.queryShopList - <==      Total: 6
2019-08-30 15:19:45.111 [http-nio-8090-exec-5] DEBUG com.oracle.o2o.dao.ShopDao.queryShopCount - ==>  Preparing: SELECT count(1) FROM tb_shop s, tb_area a, tb_shop_category sc WHERE s.owner_id = ? AND s.area_id=a.area_id AND s.shop_category_id = sc.shop_category_id 
2019-08-30 15:19:45.113 [http-nio-8090-exec-5] DEBUG com.oracle.o2o.dao.ShopDao.queryShopCount - ==> Parameters: 1(Long)
2019-08-30 15:19:45.114 [http-nio-8090-exec-5] DEBUG com.oracle.o2o.dao.ShopDao.queryShopCount - <==      Total: 1
2019-08-30 15:19:50.434 [http-nio-8090-exec-7] DEBUG c.oracle.o2o.dao.ShopCategoryDao.queryShopCategory - ==>  Preparing: SELECT shop_category_id, shop_category_name, shop_category_desc, shop_category_img, priority, create_time, last_edit_time, parent_id FROM tb_shop_category WHERE parent_id is not null ORDER BY priority DESC 
2019-08-30 15:19:50.435 [http-nio-8090-exec-7] DEBUG c.oracle.o2o.dao.ShopCategoryDao.queryShopCategory - ==> Parameters: 
2019-08-30 15:19:50.447 [http-nio-8090-exec-7] DEBUG c.oracle.o2o.dao.ShopCategoryDao.queryShopCategory - <==      Total: 15
2019-08-30 15:19:50.449 [http-nio-8090-exec-7] DEBUG com.oracle.o2o.dao.AreaDao.queryArea - ==>  Preparing: SELECT area_id, area_name, priority, create_time, last_edit_time FROM tb_area ORDER BY priority DESC 
2019-08-30 15:19:50.453 [http-nio-8090-exec-7] DEBUG com.oracle.o2o.dao.AreaDao.queryArea - ==> Parameters: 
2019-08-30 15:19:50.455 [http-nio-8090-exec-7] DEBUG com.oracle.o2o.dao.AreaDao.queryArea - <==      Total: 2
2019-08-30 15:22:35.135 [http-nio-8090-exec-8] DEBUG com.oracle.o2o.dao.ShopDao.insertShop - ==>  Preparing: INSERT INTO tb_shop(owner_id,area_id,shop_category_id, shop_name,shop_desc,shop_addr, phone,shop_img,priority, create_time,last_edit_time,enable_status, advice) VALUES (?,?,?,?, ?,?,?,?,?, ?,?,?,?) 
2019-08-30 15:22:35.166 [http-nio-8090-exec-8] DEBUG com.oracle.o2o.dao.ShopDao.insertShop - ==> Parameters: 1(Long), 3(Integer), 14(Long), 1(String), 	1									(String), 1(String), 1(String), null, null, 2019-08-30 15:21:14.116(Timestamp), 2019-08-30 15:21:27.956(Timestamp), 0(Integer), null
2019-08-30 15:22:35.172 [http-nio-8090-exec-8] DEBUG com.oracle.o2o.dao.ShopDao.insertShop - <==    Updates: 1
2019-08-30 15:22:44.007 [http-nio-8090-exec-8] DEBUG com.oracle.o2o.util.ImageUtil - current relativeAddr is :upload\images\item\shop\52\2019083015224464106.png
2019-08-30 15:22:44.011 [http-nio-8090-exec-8] DEBUG com.oracle.o2o.util.ImageUtil - current complete addr is :F:\projectdev\image\upload\images\item\shop\52\2019083015224464106.png
2019-08-30 15:22:44.012 [http-nio-8090-exec-8] DEBUG com.oracle.o2o.util.ImageUtil - basePath is :/E:/begin%20at%203-25%201/java%e6%9c%8d%e5%8a%a1%e5%99%a8%e6%a1%86%e6%9e%b6/17.shop/08.29/ShopO2O/target/classes/
2019-08-30 15:24:24.303 [main] DEBUG com.oracle.o2o.ShopO2OApplication - Running with Spring Boot v2.1.7.RELEASE, Spring v5.1.9.RELEASE
2019-08-30 15:24:56.599 [http-nio-8090-exec-3] DEBUG com.oracle.o2o.dao.ShopDao.queryShopList - ==>  Preparing: SELECT s.shop_id, s.shop_name, s.shop_desc, s.shop_addr, s.phone, s.shop_img, s.priority, s.create_time, s.last_edit_time, s.enable_status, s.advice, a.area_id, a.area_name, sc.shop_category_id, sc.shop_category_name FROM tb_shop s, tb_area a, tb_shop_category sc WHERE s.owner_id = ? AND s.area_id=a.area_id AND s.shop_category_id = sc.shop_category_id ORDER BY s.priority DESC LIMIT ?,?; 
2019-08-30 15:24:56.620 [http-nio-8090-exec-3] DEBUG com.oracle.o2o.dao.ShopDao.queryShopList - ==> Parameters: 1(Long), 0(Integer), 100(Integer)
2019-08-30 15:24:56.644 [http-nio-8090-exec-3] DEBUG com.oracle.o2o.dao.ShopDao.queryShopList - <==      Total: 6
2019-08-30 15:24:56.650 [http-nio-8090-exec-3] DEBUG com.oracle.o2o.dao.ShopDao.queryShopCount - ==>  Preparing: SELECT count(1) FROM tb_shop s, tb_area a, tb_shop_category sc WHERE s.owner_id = ? AND s.area_id=a.area_id AND s.shop_category_id = sc.shop_category_id 
2019-08-30 15:24:56.650 [http-nio-8090-exec-3] DEBUG com.oracle.o2o.dao.ShopDao.queryShopCount - ==> Parameters: 1(Long)
2019-08-30 15:24:56.699 [http-nio-8090-exec-3] DEBUG com.oracle.o2o.dao.ShopDao.queryShopCount - <==      Total: 1
2019-08-30 15:25:01.210 [http-nio-8090-exec-5] DEBUG c.oracle.o2o.dao.ShopCategoryDao.queryShopCategory - ==>  Preparing: SELECT shop_category_id, shop_category_name, shop_category_desc, shop_category_img, priority, create_time, last_edit_time, parent_id FROM tb_shop_category WHERE parent_id is not null ORDER BY priority DESC 
2019-08-30 15:25:01.211 [http-nio-8090-exec-5] DEBUG c.oracle.o2o.dao.ShopCategoryDao.queryShopCategory - ==> Parameters: 
2019-08-30 15:25:01.220 [http-nio-8090-exec-5] DEBUG c.oracle.o2o.dao.ShopCategoryDao.queryShopCategory - <==      Total: 15
2019-08-30 15:25:01.223 [http-nio-8090-exec-5] DEBUG com.oracle.o2o.dao.AreaDao.queryArea - ==>  Preparing: SELECT area_id, area_name, priority, create_time, last_edit_time FROM tb_area ORDER BY priority DESC 
2019-08-30 15:25:01.224 [http-nio-8090-exec-5] DEBUG com.oracle.o2o.dao.AreaDao.queryArea - ==> Parameters: 
2019-08-30 15:25:01.228 [http-nio-8090-exec-5] DEBUG com.oracle.o2o.dao.AreaDao.queryArea - <==      Total: 2
2019-08-30 15:25:28.028 [http-nio-8090-exec-8] DEBUG com.oracle.o2o.dao.ShopDao.insertShop - ==>  Preparing: INSERT INTO tb_shop(owner_id,area_id,shop_category_id, shop_name,shop_desc,shop_addr, phone,shop_img,priority, create_time,last_edit_time,enable_status, advice) VALUES (?,?,?,?, ?,?,?,?,?, ?,?,?,?) 
2019-08-30 15:25:28.030 [http-nio-8090-exec-8] DEBUG com.oracle.o2o.dao.ShopDao.insertShop - ==> Parameters: 1(Long), 3(Integer), 14(Long), 1(String), 	1									(String), 1(String), 1(String), null, null, 2019-08-30 15:25:28.025(Timestamp), 2019-08-30 15:25:28.025(Timestamp), 0(Integer), null
2019-08-30 15:25:28.032 [http-nio-8090-exec-8] DEBUG com.oracle.o2o.dao.ShopDao.insertShop - <==    Updates: 1
2019-08-30 15:25:28.038 [http-nio-8090-exec-8] DEBUG com.oracle.o2o.util.ImageUtil - current relativeAddr is :upload\images\item\shop\53\2019083015252816700.png
2019-08-30 15:25:28.038 [http-nio-8090-exec-8] DEBUG com.oracle.o2o.util.ImageUtil - current complete addr is :F:\projectdev\image\upload\images\item\shop\53\2019083015252816700.png
2019-08-30 15:25:28.038 [http-nio-8090-exec-8] DEBUG com.oracle.o2o.util.ImageUtil - basePath is :/E:/begin%20at%203-25%201/java%e6%9c%8d%e5%8a%a1%e5%99%a8%e6%a1%86%e6%9e%b6/17.shop/08.29/ShopO2O/target/classes/
2019-08-30 15:34:04.956 [main] DEBUG com.oracle.o2o.ShopO2OApplication - Running with Spring Boot v2.1.7.RELEASE, Spring v5.1.9.RELEASE
2019-08-30 15:34:28.404 [http-nio-8090-exec-1] DEBUG com.oracle.o2o.dao.ShopDao.queryShopList - ==>  Preparing: SELECT s.shop_id, s.shop_name, s.shop_desc, s.shop_addr, s.phone, s.shop_img, s.priority, s.create_time, s.last_edit_time, s.enable_status, s.advice, a.area_id, a.area_name, sc.shop_category_id, sc.shop_category_name FROM tb_shop s, tb_area a, tb_shop_category sc WHERE s.owner_id = ? AND s.area_id=a.area_id AND s.shop_category_id = sc.shop_category_id ORDER BY s.priority DESC LIMIT ?,?; 
2019-08-30 15:34:28.437 [http-nio-8090-exec-1] DEBUG com.oracle.o2o.dao.ShopDao.queryShopList - ==> Parameters: 1(Long), 0(Integer), 100(Integer)
2019-08-30 15:34:28.462 [http-nio-8090-exec-1] DEBUG com.oracle.o2o.dao.ShopDao.queryShopList - <==      Total: 6
2019-08-30 15:34:28.468 [http-nio-8090-exec-1] DEBUG com.oracle.o2o.dao.ShopDao.queryShopCount - ==>  Preparing: SELECT count(1) FROM tb_shop s, tb_area a, tb_shop_category sc WHERE s.owner_id = ? AND s.area_id=a.area_id AND s.shop_category_id = sc.shop_category_id 
2019-08-30 15:34:28.469 [http-nio-8090-exec-1] DEBUG com.oracle.o2o.dao.ShopDao.queryShopCount - ==> Parameters: 1(Long)
2019-08-30 15:34:28.471 [http-nio-8090-exec-1] DEBUG com.oracle.o2o.dao.ShopDao.queryShopCount - <==      Total: 1
2019-08-30 15:34:35.005 [http-nio-8090-exec-3] DEBUG c.oracle.o2o.dao.ShopCategoryDao.queryShopCategory - ==>  Preparing: SELECT shop_category_id, shop_category_name, shop_category_desc, shop_category_img, priority, create_time, last_edit_time, parent_id FROM tb_shop_category WHERE parent_id is not null ORDER BY priority DESC 
2019-08-30 15:34:35.006 [http-nio-8090-exec-3] DEBUG c.oracle.o2o.dao.ShopCategoryDao.queryShopCategory - ==> Parameters: 
2019-08-30 15:34:35.018 [http-nio-8090-exec-3] DEBUG c.oracle.o2o.dao.ShopCategoryDao.queryShopCategory - <==      Total: 15
2019-08-30 15:34:35.022 [http-nio-8090-exec-3] DEBUG com.oracle.o2o.dao.AreaDao.queryArea - ==>  Preparing: SELECT area_id, area_name, priority, create_time, last_edit_time FROM tb_area ORDER BY priority DESC 
2019-08-30 15:34:35.023 [http-nio-8090-exec-3] DEBUG com.oracle.o2o.dao.AreaDao.queryArea - ==> Parameters: 
2019-08-30 15:34:35.035 [http-nio-8090-exec-3] DEBUG com.oracle.o2o.dao.AreaDao.queryArea - <==      Total: 2
2019-08-30 15:35:07.716 [http-nio-8090-exec-4] DEBUG com.oracle.o2o.dao.ShopDao.insertShop - ==>  Preparing: INSERT INTO tb_shop(owner_id,area_id,shop_category_id, shop_name,shop_desc,shop_addr, phone,shop_img,priority, create_time,last_edit_time,enable_status, advice) VALUES (?,?,?,?, ?,?,?,?,?, ?,?,?,?) 
2019-08-30 15:35:07.717 [http-nio-8090-exec-4] DEBUG com.oracle.o2o.dao.ShopDao.insertShop - ==> Parameters: 1(Long), 3(Integer), 14(Long), 1(String), 	1									(String), 1(String), 1(String), null, null, 2019-08-30 15:35:07.712(Timestamp), 2019-08-30 15:35:07.712(Timestamp), 0(Integer), null
2019-08-30 15:35:07.719 [http-nio-8090-exec-4] DEBUG com.oracle.o2o.dao.ShopDao.insertShop - <==    Updates: 1
2019-08-30 15:35:07.723 [http-nio-8090-exec-4] DEBUG com.oracle.o2o.util.ImageUtil - current relativeAddr is :upload\images\item\shop\54\2019083015350797879.PNG
2019-08-30 15:35:07.724 [http-nio-8090-exec-4] DEBUG com.oracle.o2o.util.ImageUtil - current complete addr is :F:\projectdev\image\upload\images\item\shop\54\2019083015350797879.PNG
2019-08-30 15:35:07.724 [http-nio-8090-exec-4] DEBUG com.oracle.o2o.util.ImageUtil - basePath is :/E:/begin%20at%203-25%201/java%e6%9c%8d%e5%8a%a1%e5%99%a8%e6%a1%86%e6%9e%b6/17.shop/08.29/ShopO2O/target/classes/
2019-08-30 15:44:30.291 [main] DEBUG com.oracle.o2o.ShopO2OApplication - Running with Spring Boot v2.1.7.RELEASE, Spring v5.1.9.RELEASE
2019-08-30 15:44:52.928 [http-nio-8090-exec-2] DEBUG com.oracle.o2o.dao.ShopDao.queryShopList - ==>  Preparing: SELECT s.shop_id, s.shop_name, s.shop_desc, s.shop_addr, s.phone, s.shop_img, s.priority, s.create_time, s.last_edit_time, s.enable_status, s.advice, a.area_id, a.area_name, sc.shop_category_id, sc.shop_category_name FROM tb_shop s, tb_area a, tb_shop_category sc WHERE s.owner_id = ? AND s.area_id=a.area_id AND s.shop_category_id = sc.shop_category_id ORDER BY s.priority DESC LIMIT ?,?; 
2019-08-30 15:44:52.960 [http-nio-8090-exec-2] DEBUG com.oracle.o2o.dao.ShopDao.queryShopList - ==> Parameters: 1(Long), 0(Integer), 100(Integer)
2019-08-30 15:44:52.983 [http-nio-8090-exec-2] DEBUG com.oracle.o2o.dao.ShopDao.queryShopList - <==      Total: 6
2019-08-30 15:44:52.989 [http-nio-8090-exec-2] DEBUG com.oracle.o2o.dao.ShopDao.queryShopCount - ==>  Preparing: SELECT count(1) FROM tb_shop s, tb_area a, tb_shop_category sc WHERE s.owner_id = ? AND s.area_id=a.area_id AND s.shop_category_id = sc.shop_category_id 
2019-08-30 15:44:52.989 [http-nio-8090-exec-2] DEBUG com.oracle.o2o.dao.ShopDao.queryShopCount - ==> Parameters: 1(Long)
2019-08-30 15:44:52.991 [http-nio-8090-exec-2] DEBUG com.oracle.o2o.dao.ShopDao.queryShopCount - <==      Total: 1
2019-08-30 15:44:55.824 [http-nio-8090-exec-4] DEBUG c.oracle.o2o.dao.ShopCategoryDao.queryShopCategory - ==>  Preparing: SELECT shop_category_id, shop_category_name, shop_category_desc, shop_category_img, priority, create_time, last_edit_time, parent_id FROM tb_shop_category WHERE parent_id is not null ORDER BY priority DESC 
2019-08-30 15:44:55.825 [http-nio-8090-exec-4] DEBUG c.oracle.o2o.dao.ShopCategoryDao.queryShopCategory - ==> Parameters: 
2019-08-30 15:44:55.836 [http-nio-8090-exec-4] DEBUG c.oracle.o2o.dao.ShopCategoryDao.queryShopCategory - <==      Total: 15
2019-08-30 15:44:55.840 [http-nio-8090-exec-4] DEBUG com.oracle.o2o.dao.AreaDao.queryArea - ==>  Preparing: SELECT area_id, area_name, priority, create_time, last_edit_time FROM tb_area ORDER BY priority DESC 
2019-08-30 15:44:55.842 [http-nio-8090-exec-4] DEBUG com.oracle.o2o.dao.AreaDao.queryArea - ==> Parameters: 
2019-08-30 15:44:55.845 [http-nio-8090-exec-4] DEBUG com.oracle.o2o.dao.AreaDao.queryArea - <==      Total: 2
2019-08-30 15:45:19.095 [http-nio-8090-exec-5] DEBUG com.oracle.o2o.dao.ShopDao.insertShop - ==>  Preparing: INSERT INTO tb_shop(owner_id,area_id,shop_category_id, shop_name,shop_desc,shop_addr, phone,shop_img,priority, create_time,last_edit_time,enable_status, advice) VALUES (?,?,?,?, ?,?,?,?,?, ?,?,?,?) 
2019-08-30 15:45:19.097 [http-nio-8090-exec-5] DEBUG com.oracle.o2o.dao.ShopDao.insertShop - ==> Parameters: 1(Long), 3(Integer), 14(Long), 1(String), 	1									(String), 1(String), 1(String), null, null, 2019-08-30 15:45:19.092(Timestamp), 2019-08-30 15:45:19.092(Timestamp), 0(Integer), null
2019-08-30 15:45:19.098 [http-nio-8090-exec-5] DEBUG com.oracle.o2o.dao.ShopDao.insertShop - <==    Updates: 1
2019-08-30 15:45:19.103 [http-nio-8090-exec-5] DEBUG com.oracle.o2o.util.ImageUtil - current relativeAddr is :upload\images\item\shop\55\2019083015451948501.PNG
2019-08-30 15:45:19.103 [http-nio-8090-exec-5] DEBUG com.oracle.o2o.util.ImageUtil - current complete addr is :F:\projectdev\image\upload\images\item\shop\55\2019083015451948501.PNG
2019-08-30 15:45:19.103 [http-nio-8090-exec-5] DEBUG com.oracle.o2o.util.ImageUtil - basePath is :/E:/begin%20at%203-25%201/java%e6%9c%8d%e5%8a%a1%e5%99%a8%e6%a1%86%e6%9e%b6/17.shop/08.29/ShopO2O/target/classes/
2019-08-30 15:47:20.072 [main] DEBUG com.oracle.o2o.ShopO2OApplication - Running with Spring Boot v2.1.7.RELEASE, Spring v5.1.9.RELEASE
2019-08-30 15:47:45.021 [http-nio-8090-exec-2] DEBUG com.oracle.o2o.dao.ShopDao.queryShopList - ==>  Preparing: SELECT s.shop_id, s.shop_name, s.shop_desc, s.shop_addr, s.phone, s.shop_img, s.priority, s.create_time, s.last_edit_time, s.enable_status, s.advice, a.area_id, a.area_name, sc.shop_category_id, sc.shop_category_name FROM tb_shop s, tb_area a, tb_shop_category sc WHERE s.owner_id = ? AND s.area_id=a.area_id AND s.shop_category_id = sc.shop_category_id ORDER BY s.priority DESC LIMIT ?,?; 
2019-08-30 15:47:45.051 [http-nio-8090-exec-2] DEBUG com.oracle.o2o.dao.ShopDao.queryShopList - ==> Parameters: 1(Long), 0(Integer), 100(Integer)
2019-08-30 15:47:45.074 [http-nio-8090-exec-2] DEBUG com.oracle.o2o.dao.ShopDao.queryShopList - <==      Total: 6
2019-08-30 15:47:45.080 [http-nio-8090-exec-2] DEBUG com.oracle.o2o.dao.ShopDao.queryShopCount - ==>  Preparing: SELECT count(1) FROM tb_shop s, tb_area a, tb_shop_category sc WHERE s.owner_id = ? AND s.area_id=a.area_id AND s.shop_category_id = sc.shop_category_id 
2019-08-30 15:47:45.081 [http-nio-8090-exec-2] DEBUG com.oracle.o2o.dao.ShopDao.queryShopCount - ==> Parameters: 1(Long)
2019-08-30 15:47:45.082 [http-nio-8090-exec-2] DEBUG com.oracle.o2o.dao.ShopDao.queryShopCount - <==      Total: 1
2019-08-30 15:47:51.351 [http-nio-8090-exec-4] DEBUG c.oracle.o2o.dao.ShopCategoryDao.queryShopCategory - ==>  Preparing: SELECT shop_category_id, shop_category_name, shop_category_desc, shop_category_img, priority, create_time, last_edit_time, parent_id FROM tb_shop_category WHERE parent_id is not null ORDER BY priority DESC 
2019-08-30 15:47:51.361 [http-nio-8090-exec-4] DEBUG c.oracle.o2o.dao.ShopCategoryDao.queryShopCategory - ==> Parameters: 
2019-08-30 15:47:51.380 [http-nio-8090-exec-4] DEBUG c.oracle.o2o.dao.ShopCategoryDao.queryShopCategory - <==      Total: 15
2019-08-30 15:47:51.383 [http-nio-8090-exec-4] DEBUG com.oracle.o2o.dao.AreaDao.queryArea - ==>  Preparing: SELECT area_id, area_name, priority, create_time, last_edit_time FROM tb_area ORDER BY priority DESC 
2019-08-30 15:47:51.385 [http-nio-8090-exec-4] DEBUG com.oracle.o2o.dao.AreaDao.queryArea - ==> Parameters: 
2019-08-30 15:47:51.389 [http-nio-8090-exec-4] DEBUG com.oracle.o2o.dao.AreaDao.queryArea - <==      Total: 2
2019-08-30 15:48:13.520 [http-nio-8090-exec-3] DEBUG com.oracle.o2o.dao.ShopDao.insertShop - ==>  Preparing: INSERT INTO tb_shop(owner_id,area_id,shop_category_id, shop_name,shop_desc,shop_addr, phone,shop_img,priority, create_time,last_edit_time,enable_status, advice) VALUES (?,?,?,?, ?,?,?,?,?, ?,?,?,?) 
2019-08-30 15:48:13.522 [http-nio-8090-exec-3] DEBUG com.oracle.o2o.dao.ShopDao.insertShop - ==> Parameters: 1(Long), 3(Integer), 14(Long), 1(String), 		1								(String), 1(String), 1(String), null, null, 2019-08-30 15:48:13.517(Timestamp), 2019-08-30 15:48:13.517(Timestamp), 0(Integer), null
2019-08-30 15:48:13.524 [http-nio-8090-exec-3] DEBUG com.oracle.o2o.dao.ShopDao.insertShop - <==    Updates: 1
2019-08-30 15:48:13.529 [http-nio-8090-exec-3] DEBUG com.oracle.o2o.util.ImageUtil - current relativeAddr is :upload\images\item\shop\56\2019083015481323568.png
2019-08-30 15:48:13.529 [http-nio-8090-exec-3] DEBUG com.oracle.o2o.util.ImageUtil - current complete addr is :F:\projectdev\image\upload\images\item\shop\56\2019083015481323568.png
2019-08-30 15:48:13.529 [http-nio-8090-exec-3] DEBUG com.oracle.o2o.util.ImageUtil - basePath is :/E:/begin%20at%203-25%201/java%e6%9c%8d%e5%8a%a1%e5%99%a8%e6%a1%86%e6%9e%b6/17.shop/08.29/ShopO2O/target/classes/
